<?xml version="1.0" encoding="UTF-8"?>
<!-- Generated by org.testng.reporters.JUnitXMLReporter -->
<testsuite hostname="ULTP_284" name="Check user is able to remove bulk selected questions which are not used in any assignments from question listing grid." tests="1" failures="0" timestamp="9 Sep 2015 10:19:29 GMT" time="0.017" errors="0">
  <testcase name="@BeforeSuite checkSuiteSkip" time="0.0" classname="com.suiteQuestions.QuestionSuiteBase">
    <skipped/>
  </testcase> <!-- @BeforeSuite checkSuiteSkip -->
  <testcase name="@BeforeTest checkTestSkip" time="0.0" classname="com.suiteQuestions.TestCase_BulkRemoveItems">
    <skipped/>
  </testcase> <!-- @BeforeTest checkTestSkip -->
  <testcase name="@AfterMethod DefaultResult" time="0.0" classname="com.suiteQuestions.TestCase_BulkRemoveItems">
    <skipped/>
  </testcase> <!-- @AfterMethod DefaultResult -->
  <testcase name="verifyBulkMoveToAnotherFolder" time="0.001" classname="com.suiteQuestions.TestCase_BulkRemoveItems">
    <skipped/>
  </testcase> <!-- verifyBulkMoveToAnotherFolder -->
</testsuite> <!-- Check user is able to remove bulk selected questions which are not used in any assignments from question listing grid. -->
