<?xml version="1.0" encoding="UTF-8"?>
<!-- Generated by org.testng.reporters.JUnitXMLReporter -->
<testsuite hostname="ULTP_284" name="Verify Bulk Approve Test Case" tests="1" failures="0" timestamp="9 Sep 2015 10:19:28 GMT" time="0.004" errors="0">
  <testcase name="@BeforeTest checkTestSkip" time="0.0" classname="com.suiteQuestions.TestCase_CreateBulkApproveQuestions">
    <skipped/>
  </testcase> <!-- @BeforeTest checkTestSkip -->
  <testcase name="@AfterMethod DefaultResult" time="0.0" classname="com.suiteQuestions.TestCase_CreateBulkApproveQuestions">
    <skipped/>
  </testcase> <!-- @AfterMethod DefaultResult -->
  <testcase name="verifyCreateBulkApproveQuestionsTest" time="0.001" classname="com.suiteQuestions.TestCase_CreateBulkApproveQuestions">
    <skipped/>
  </testcase> <!-- verifyCreateBulkApproveQuestionsTest -->
</testsuite> <!-- Verify Bulk Approve Test Case -->
