<?xml version="1.0" encoding="UTF-8"?>
<!-- Generated by org.testng.reporters.JUnitXMLReporter -->
<testsuite hostname="ULTP_284" name="Verify Share Folder Test Case" tests="1" failures="0" timestamp="9 Sep 2015 10:19:28 GMT" time="0.007" errors="0">
  <testcase name="@BeforeTest checkTestSkip" time="0.0" classname="com.suiteQuestions.TestCase_ShareFolder">
    <skipped/>
  </testcase> <!-- @BeforeTest checkTestSkip -->
  <testcase name="@AfterMethod DefaultResult" time="0.0" classname="com.suiteQuestions.TestCase_ShareFolder">
    <skipped/>
  </testcase> <!-- @AfterMethod DefaultResult -->
  <testcase name="verifyShareFolderTest" time="0.001" classname="com.suiteQuestions.TestCase_ShareFolder">
    <skipped/>
  </testcase> <!-- verifyShareFolderTest -->
</testsuite> <!-- Verify Share Folder Test Case -->
