<?xml version="1.0" encoding="UTF-8"?>
<!-- Generated by org.testng.reporters.JUnitXMLReporter -->
<testsuite hostname="ULTP_284" name="Verify SelectAnyFolder Test Case" tests="1" failures="0" timestamp="9 Sep 2015 10:19:28 GMT" time="0.006" errors="0">
  <testcase name="@BeforeTest checkTestSkip" time="0.0" classname="com.suiteQuestions.TestCase_SelectAnyFolder">
    <skipped/>
  </testcase> <!-- @BeforeTest checkTestSkip -->
  <testcase name="@AfterMethod DefaultResult" time="0.0" classname="com.suiteQuestions.TestCase_SelectAnyFolder">
    <skipped/>
  </testcase> <!-- @AfterMethod DefaultResult -->
  <testcase name="verifySelectionOfQSFolderTest" time="0.001" classname="com.suiteQuestions.TestCase_SelectAnyFolder">
    <skipped/>
  </testcase> <!-- verifySelectionOfQSFolderTest -->
</testsuite> <!-- Verify SelectAnyFolder Test Case -->
