<?xml version="1.0" encoding="UTF-8"?>
<!-- Generated by org.testng.reporters.JUnitXMLReporter -->
<testsuite hostname="ULTP_284" name="Verify whether Expand/Shrink Results link is working properly." tests="1" failures="0" timestamp="9 Sep 2015 10:19:28 GMT" time="0.004" errors="0">
  <testcase name="@BeforeTest checkTestSkip" time="0.0" classname="com.suiteQuestions.TestCase_ExpandShrinkResultsLink">
    <skipped/>
  </testcase> <!-- @BeforeTest checkTestSkip -->
  <testcase name="@AfterMethod DefaultResult" time="0.0" classname="com.suiteQuestions.TestCase_ExpandShrinkResultsLink">
    <skipped/>
  </testcase> <!-- @AfterMethod DefaultResult -->
  <testcase name="verifyExpandShrinkResultsLink" time="0.0" classname="com.suiteQuestions.TestCase_ExpandShrinkResultsLink">
    <skipped/>
  </testcase> <!-- verifyExpandShrinkResultsLink -->
</testsuite> <!-- Verify whether Expand/Shrink Results link is working properly. -->
