<?xml version="1.0" encoding="UTF-8"?>
<!-- Generated by org.testng.reporters.JUnitXMLReporter -->
<testsuite hostname="ULTP_284" name="Verify Delete Questions in Folder Test Case" tests="1" failures="0" timestamp="9 Sep 2015 10:19:28 GMT" time="0.006" errors="0">
  <testcase name="@BeforeTest checkTestSkip" time="0.0" classname="com.suiteQuestions.TestCase_DeleteQSInFolder">
    <skipped/>
  </testcase> <!-- @BeforeTest checkTestSkip -->
  <testcase name="@AfterMethod DefaultResult" time="0.0" classname="com.suiteQuestions.TestCase_DeleteQSInFolder">
    <skipped/>
  </testcase> <!-- @AfterMethod DefaultResult -->
  <testcase name="verifyDeleteQSInFolderTest" time="0.002" classname="com.suiteQuestions.TestCase_DeleteQSInFolder">
    <skipped/>
  </testcase> <!-- verifyDeleteQSInFolderTest -->
</testsuite> <!-- Verify Delete Questions in Folder Test Case -->
