<?xml version="1.0" encoding="UTF-8"?>
<!-- Generated by org.testng.reporters.JUnitXMLReporter -->
<testsuite hostname="ULTP_284" name="Delete Rubric Folder" tests="1" failures="0" timestamp="9 Sep 2015 10:19:29 GMT" time="0.003" errors="0">
  <testcase name="@BeforeSuite checkSuiteSkip" time="0.0" classname="com.suiteRubrics.TestSuiteBase">
    <skipped/>
  </testcase> <!-- @BeforeSuite checkSuiteSkip -->
  <testcase name="@BeforeTest checkTestSkip" time="0.0" classname="com.suiteRubrics.TestCase_DeleteRubricFolder">
    <skipped/>
  </testcase> <!-- @BeforeTest checkTestSkip -->
  <testcase name="@AfterMethod DefaultResult" time="0.0" classname="com.suiteRubrics.TestCase_DeleteRubricFolder">
    <skipped/>
  </testcase> <!-- @AfterMethod DefaultResult -->
  <testcase name="VerifyDeleteRubricFolder" time="0.001" classname="com.suiteRubrics.TestCase_DeleteRubricFolder">
    <skipped/>
  </testcase> <!-- VerifyDeleteRubricFolder -->
</testsuite> <!-- Delete Rubric Folder -->
