<?xml version="1.0" encoding="UTF-8"?>
<!-- Generated by org.testng.reporters.JUnitXMLReporter -->
<testsuite hostname="ULTP_284" name="Delete A Rubric" tests="1" failures="0" timestamp="9 Sep 2015 10:19:29 GMT" time="0.011" errors="0">
  <testcase name="@BeforeTest checkTestSkip" time="0.0" classname="com.suiteRubrics.TestCase_DeleteRubric">
    <skipped/>
  </testcase> <!-- @BeforeTest checkTestSkip -->
  <testcase name="@AfterMethod DefaultResult" time="0.0" classname="com.suiteRubrics.TestCase_DeleteRubric">
    <skipped/>
  </testcase> <!-- @AfterMethod DefaultResult -->
  <testcase name="VerifyDeleteRubric" time="0.001" classname="com.suiteRubrics.TestCase_DeleteRubric">
    <skipped/>
  </testcase> <!-- VerifyDeleteRubric -->
</testsuite> <!-- Delete A Rubric -->
