<?xml version="1.0" encoding="UTF-8"?>
<!-- Generated by org.testng.reporters.JUnitXMLReporter -->
<testsuite hostname="ULTP_284" name="Save As Rubric Template" tests="1" failures="0" timestamp="9 Sep 2015 10:19:29 GMT" time="0.004" errors="0">
  <testcase name="@BeforeTest checkTestSkip" time="0.0" classname="com.suiteRubrics.TestCase_SaveAsRubricTemplate">
    <skipped/>
  </testcase> <!-- @BeforeTest checkTestSkip -->
  <testcase name="@AfterMethod DefaultResult" time="0.0" classname="com.suiteRubrics.TestCase_SaveAsRubricTemplate">
    <skipped/>
  </testcase> <!-- @AfterMethod DefaultResult -->
  <testcase name="VerifySaveAsRubricTemplate" time="0.0" classname="com.suiteRubrics.TestCase_SaveAsRubricTemplate">
    <skipped/>
  </testcase> <!-- VerifySaveAsRubricTemplate -->
</testsuite> <!-- Save As Rubric Template -->
