<?xml version="1.0" encoding="UTF-8"?>
<!-- Generated by org.testng.reporters.JUnitXMLReporter -->
<testsuite hostname="ULTP_284" name="Delete Created folder" tests="1" failures="0" timestamp="9 Sep 2015 10:19:30 GMT" time="0.028" errors="0">
  <testcase name="@BeforeSuite checkSuiteSkip" time="0.0" classname="com.SuiteAssessments.TestCase_DeleteAssessmentfolder">
    <skipped/>
  </testcase> <!-- @BeforeSuite checkSuiteSkip -->
  <testcase name="@BeforeTest checkTestSkip" time="0.0" classname="com.SuiteAssessments.TestCase_DeleteAssessmentfolder">
    <skipped/>
  </testcase> <!-- @BeforeTest checkTestSkip -->
  <testcase name="@AfterMethod DefaultResult" time="0.0" classname="com.SuiteAssessments.TestCase_DeleteAssessmentfolder">
    <skipped/>
  </testcase> <!-- @AfterMethod DefaultResult -->
  <testcase name="deleteAssessmentfolder" time="0.001" classname="com.SuiteAssessments.TestCase_DeleteAssessmentfolder">
    <skipped/>
  </testcase> <!-- deleteAssessmentfolder -->
</testsuite> <!-- Delete Created folder -->
