<?xml version="1.0" encoding="UTF-8"?>
<!-- Generated by org.testng.reporters.JUnitXMLReporter -->
<testsuite hostname="ULTP_284" name="Edit created assessment folder" tests="1" failures="0" timestamp="9 Sep 2015 10:19:30 GMT" time="0.331" errors="0">
  <testcase name="@BeforeTest checkTestSkip" time="0.0" classname="com.SuiteAssessments.TestCase_EditAssessmentfolder">
    <skipped/>
  </testcase> <!-- @BeforeTest checkTestSkip -->
  <testcase name="@AfterMethod DefaultResult" time="0.0" classname="com.SuiteAssessments.TestCase_EditAssessmentfolder">
    <skipped/>
  </testcase> <!-- @AfterMethod DefaultResult -->
  <testcase name="editAssessmentfolder" time="0.0" classname="com.SuiteAssessments.TestCase_EditAssessmentfolder">
    <skipped/>
  </testcase> <!-- editAssessmentfolder -->
</testsuite> <!-- Edit created assessment folder -->
