<?xml version="1.0" encoding="UTF-8"?>
<!-- Generated by org.testng.reporters.JUnitXMLReporter -->
<testsuite hostname="ULTP_284" name="Edit Assessment Export Print" tests="1" failures="0" timestamp="9 Sep 2015 10:19:29 GMT" time="0.039" errors="0">
  <testcase name="@BeforeTest checkTestSkip" time="0.0" classname="com.SuiteAssessments.TestCase_EditAssessmentExportPrint">
    <skipped/>
  </testcase> <!-- @BeforeTest checkTestSkip -->
  <testcase name="@AfterMethod DefaultResult" time="0.0" classname="com.SuiteAssessments.TestCase_EditAssessmentExportPrint">
    <skipped/>
  </testcase> <!-- @AfterMethod DefaultResult -->
  <testcase name="EditAssessmentExportPrint" time="0.001" classname="com.SuiteAssessments.TestCase_EditAssessmentExportPrint">
    <skipped/>
  </testcase> <!-- EditAssessmentExportPrint -->
</testsuite> <!-- Edit Assessment Export Print -->
