<?xml version="1.0" encoding="UTF-8"?>
<!-- Generated by org.testng.reporters.JUnitXMLReporter -->
<testsuite hostname="ULTP_284" name="CreateNewCourse" tests="1" failures="0" timestamp="9 Sep 2015 10:19:31 GMT" time="0.004" errors="0">
  <testcase name="@BeforeTest checkTestSkip" time="0.0" classname="com.SuiteCourses.TestCase_CreateNewCourse">
    <skipped/>
  </testcase> <!-- @BeforeTest checkTestSkip -->
  <testcase name="@AfterMethod DefaultResult" time="0.0" classname="com.SuiteCourses.TestCase_CreateNewCourse">
    <skipped/>
  </testcase> <!-- @AfterMethod DefaultResult -->
  <testcase name="CreateNewCourse" time="0.0" classname="com.SuiteCourses.TestCase_CreateNewCourse">
    <skipped/>
  </testcase> <!-- CreateNewCourse -->
</testsuite> <!-- CreateNewCourse -->
