<?xml version="1.0" encoding="UTF-8"?>
<!-- Generated by org.testng.reporters.JUnitXMLReporter -->
<testsuite hostname="ULTP_284" name="ExamTaker-ExamTakerHistory" tests="1" failures="0" timestamp="9 Sep 2015 10:19:32 GMT" time="0.024" errors="0">
  <testcase name="@BeforeTest checkTestSkip" time="0.0" classname="com.SuiteExamTaker.TestCase_ExamTakerHistory">
    <skipped/>
  </testcase> <!-- @BeforeTest checkTestSkip -->
  <testcase name="@AfterMethod DefaultResult" time="0.0" classname="com.SuiteExamTaker.TestCase_ExamTakerHistory">
    <skipped/>
  </testcase> <!-- @AfterMethod DefaultResult -->
  <testcase name="ETHistory" time="0.02" classname="com.SuiteExamTaker.TestCase_ExamTakerHistory">
    <skipped/>
  </testcase> <!-- ETHistory -->
</testsuite> <!-- ExamTaker-ExamTakerHistory -->
