<?xml version="1.0" encoding="UTF-8"?>
<!-- Generated by org.testng.reporters.JUnitXMLReporter -->
<testsuite hostname="ULTP_284" name="ExamTaker-VerifyErrorMsg5_CreateExamTaker" tests="1" failures="0" timestamp="9 Sep 2015 10:19:31 GMT" time="0.015" errors="0">
  <testcase name="@BeforeTest checkTestSkip" time="0.0" classname="com.SuiteExamTaker.TestCase_VerifyErrorMsg5_CreateExamTaker">
    <skipped/>
  </testcase> <!-- @BeforeTest checkTestSkip -->
  <testcase name="@AfterMethod DefaultResult" time="0.0" classname="com.SuiteExamTaker.TestCase_VerifyErrorMsg5_CreateExamTaker">
    <skipped/>
  </testcase> <!-- @AfterMethod DefaultResult -->
  <testcase name="CreateNewETwithoutAnyField" time="0.001" classname="com.SuiteExamTaker.TestCase_VerifyErrorMsg5_CreateExamTaker">
    <skipped/>
  </testcase> <!-- CreateNewETwithoutAnyField -->
</testsuite> <!-- ExamTaker-VerifyErrorMsg5_CreateExamTaker -->
