<?xml version="1.0" encoding="UTF-8"?>
<!-- Generated by org.testng.reporters.JUnitXMLReporter -->
<testsuite hostname="ULTP_284" name="Check Questions Tab" tests="1" failures="0" timestamp="9 Sep 2015 10:19:28 GMT" time="0.029" errors="0">
  <testcase name="@BeforeTest checkTestSkip" time="0.0" classname="com.SuiteCommon.TestCase_CheckQuestions">
    <skipped/>
  </testcase> <!-- @BeforeTest checkTestSkip -->
  <testcase name="@AfterMethod DefaultResult" time="0.0" classname="com.SuiteCommon.TestCase_CheckQuestions">
    <skipped/>
  </testcase> <!-- @AfterMethod DefaultResult -->
  <testcase name="CheckQuestionsTab" time="0.004" classname="com.SuiteCommon.TestCase_CheckQuestions">
    <skipped/>
  </testcase> <!-- CheckQuestionsTab -->
</testsuite> <!-- Check Questions Tab -->
