<?xml version="1.0" encoding="UTF-8"?>
<!-- Generated by org.testng.reporters.JUnitXMLReporter -->
<testsuite hostname="ULTP_284" name="Check Rubrics Tab" tests="1" failures="0" timestamp="9 Sep 2015 10:19:28 GMT" time="0.014" errors="0">
  <testcase name="@BeforeTest checkTestSkip" time="0.0" classname="com.SuiteCommon.TestCase_CheckRubrics">
    <skipped/>
  </testcase> <!-- @BeforeTest checkTestSkip -->
  <testcase name="@AfterMethod DefaultResult" time="0.0" classname="com.SuiteCommon.TestCase_CheckRubrics">
    <skipped/>
  </testcase> <!-- @AfterMethod DefaultResult -->
  <testcase name="CheckRubricsTab" time="0.002" classname="com.SuiteCommon.TestCase_CheckRubrics">
    <skipped/>
  </testcase> <!-- CheckRubricsTab -->
</testsuite> <!-- Check Rubrics Tab -->
