<?xml version="1.0" encoding="UTF-8"?>
<!-- Generated by org.testng.reporters.JUnitXMLReporter -->
<testsuite hostname="ULTP_284" name="Check Assessments Tab" tests="1" failures="0" timestamp="9 Sep 2015 10:19:28 GMT" time="0.005" errors="0">
  <testcase name="@BeforeTest checkTestSkip" time="0.0" classname="com.SuiteCommon.TestCase_CheckAssessments">
    <skipped/>
  </testcase> <!-- @BeforeTest checkTestSkip -->
  <testcase name="@AfterMethod DefaultResult" time="0.0" classname="com.SuiteCommon.TestCase_CheckAssessments">
    <skipped/>
  </testcase> <!-- @AfterMethod DefaultResult -->
  <testcase name="CheckAssessmentsTab" time="0.001" classname="com.SuiteCommon.TestCase_CheckAssessments">
    <skipped/>
  </testcase> <!-- CheckAssessmentsTab -->
</testsuite> <!-- Check Assessments Tab -->
