<?xml version="1.0" encoding="UTF-8"?>
<testng-results skipped="108" failed="1" total="117" passed="8">
  <reporter-output>
  </reporter-output>
  <suite name="Login" duration-ms="34501" started-at="2015-09-09T10:18:53Z" finished-at="2015-09-09T10:19:28Z">
    <groups>
    </groups>
    <test name="Check Runmode of Suite" duration-ms="7" started-at="2015-09-09T10:18:53Z" finished-at="2015-09-09T10:18:53Z">
    </test> <!-- Check Runmode of Suite -->
    <test name="ET Lost Username and Password" duration-ms="18" started-at="2015-09-09T10:18:53Z" finished-at="2015-09-09T10:18:53Z">
      <class name="com.suiteLogin.TestCase_ETLostUserIDPassword">
        <test-method status="SKIP" signature="checkTestSkip()[pri:0, instance:com.suiteLogin.TestCase_ETLostUserIDPassword@5fa5eea1]" name="checkTestSkip" is-config="true" duration-ms="0" started-at="2015-09-09T15:48:53Z" finished-at="2015-09-09T15:48:53Z">
          <exception class="org.testng.SkipException">
            <message>
              <![CDATA[Runmode of 'TestCase_ETLostUserIDPassword' is set to 'NO', hence Skipping it!]]>
            </message>
            <full-stacktrace>
              <![CDATA[org.testng.SkipException: Runmode of 'TestCase_ETLostUserIDPassword' is set to 'NO', hence Skipping it!
	at Util.TestUtil.checkTestSkip(TestUtil.java:157)
	at com.suiteLogin.TestCase_ETLostUserIDPassword.checkTestSkip(TestCase_ETLostUserIDPassword.java:20)
	at sun.reflect.NativeMethodAccessorImpl.invoke0(Native Method)
	at sun.reflect.NativeMethodAccessorImpl.invoke(Unknown Source)
	at sun.reflect.DelegatingMethodAccessorImpl.invoke(Unknown Source)
	at java.lang.reflect.Method.invoke(Unknown Source)
	at org.testng.internal.MethodInvocationHelper.invokeMethod(MethodInvocationHelper.java:84)
	at org.testng.internal.Invoker.invokeConfigurationMethod(Invoker.java:564)
	at org.testng.internal.Invoker.invokeConfigurations(Invoker.java:213)
	at org.testng.internal.Invoker.invokeConfigurations(Invoker.java:138)
	at org.testng.TestRunner.beforeRun(TestRunner.java:641)
	at org.testng.TestRunner.run(TestRunner.java:609)
	at org.testng.SuiteRunner.runTest(SuiteRunner.java:334)
	at org.testng.SuiteRunner.runSequentially(SuiteRunner.java:329)
	at org.testng.SuiteRunner.privateRun(SuiteRunner.java:291)
	at org.testng.SuiteRunner.run(SuiteRunner.java:240)
	at org.testng.SuiteRunnerWorker.runSuite(SuiteRunnerWorker.java:52)
	at org.testng.SuiteRunnerWorker.run(SuiteRunnerWorker.java:86)
	at org.testng.TestNG.runSuitesSequentially(TestNG.java:1224)
	at org.testng.TestNG.runSuitesSequentially(TestNG.java:1220)
	at org.testng.TestNG.runSuitesLocally(TestNG.java:1149)
	at org.testng.TestNG.run(TestNG.java:1057)
	at org.testng.remote.RemoteTestNG.run(RemoteTestNG.java:111)
	at org.testng.remote.RemoteTestNG.initAndRun(RemoteTestNG.java:204)
	at org.testng.remote.RemoteTestNG.main(RemoteTestNG.java:175)
]]>
            </full-stacktrace>
          </exception> <!-- org.testng.SkipException -->
          <reporter-output>
          </reporter-output>
        </test-method> <!-- checkTestSkip -->
        <test-method status="SKIP" signature="TestCaseETLostUserIDPassword()[pri:0, instance:com.suiteLogin.TestCase_ETLostUserIDPassword@5fa5eea1]" name="TestCaseETLostUserIDPassword" duration-ms="1" started-at="2015-09-09T15:48:53Z" finished-at="2015-09-09T15:48:53Z">
          <reporter-output>
          </reporter-output>
        </test-method> <!-- TestCaseETLostUserIDPassword -->
        <test-method status="SKIP" signature="DefaultResult(org.testng.ITestResult)[pri:0, instance:com.suiteLogin.TestCase_ETLostUserIDPassword@5fa5eea1]" name="DefaultResult" is-config="true" duration-ms="0" started-at="2015-09-09T15:48:53Z" finished-at="2015-09-09T15:48:53Z">
          <reporter-output>
          </reporter-output>
        </test-method> <!-- DefaultResult -->
      </class> <!-- com.suiteLogin.TestCase_ETLostUserIDPassword -->
    </test> <!-- ET Lost Username and Password -->
    <test name="Login Test Case" duration-ms="34443" started-at="2015-09-09T10:18:53Z" finished-at="2015-09-09T10:19:28Z">
      <class name="com.suiteLogin.TestSuiteBase">
        <test-method status="PASS" signature="checkSuiteSkip()[pri:0, instance:com.suiteLogin.TestSuiteBase@1aa6a14b]" name="checkSuiteSkip" is-config="true" duration-ms="1654" started-at="2015-09-09T15:48:52Z" finished-at="2015-09-09T15:48:53Z">
          <reporter-output>
          </reporter-output>
        </test-method> <!-- checkSuiteSkip -->
      </class> <!-- com.suiteLogin.TestSuiteBase -->
      <class name="com.suiteLogin.TestCase_Login">
        <test-method status="PASS" signature="checkTestSkip()[pri:0, instance:com.suiteLogin.TestCase_Login@16daece7]" name="checkTestSkip" is-config="true" duration-ms="2" started-at="2015-09-09T15:48:53Z" finished-at="2015-09-09T15:48:53Z">
          <reporter-output>
          </reporter-output>
        </test-method> <!-- checkTestSkip -->
        <test-method status="PASS" signature="TestCaseLogin()[pri:0, instance:com.suiteLogin.TestCase_Login@16daece7]" name="TestCaseLogin" duration-ms="34435" started-at="2015-09-09T15:48:53Z" finished-at="2015-09-09T15:49:28Z">
          <reporter-output>
          </reporter-output>
        </test-method> <!-- TestCaseLogin -->
        <test-method status="PASS" signature="DefaultResult(org.testng.ITestResult)[pri:0, instance:com.suiteLogin.TestCase_Login@16daece7]" name="DefaultResult" is-config="true" duration-ms="2" started-at="2015-09-09T15:49:28Z" finished-at="2015-09-09T15:49:28Z">
          <params>
            <param index="0">
              <value>
                <![CDATA[[TestResult name=TestCaseLogin status=SUCCESS method=TestCase_Login.TestCaseLogin()[pri:0, instance:com.suiteLogin.TestCase_Login@16daece7] output={null}]]]>
              </value>
            </param>
          </params>
          <reporter-output>
          </reporter-output>
        </test-method> <!-- DefaultResult -->
      </class> <!-- com.suiteLogin.TestCase_Login -->
    </test> <!-- Login Test Case -->
  </suite> <!-- Login -->
  <suite name="Users Test Cases" duration-ms="566" started-at="2015-09-09T10:19:30Z" finished-at="2015-09-09T10:19:30Z">
    <groups>
    </groups>
    <test name="Check Runmode of Suite" duration-ms="1" started-at="2015-09-09T10:19:30Z" finished-at="2015-09-09T10:19:30Z">
    </test> <!-- Check Runmode of Suite -->
    <test name="Create New User" duration-ms="3" started-at="2015-09-09T10:19:30Z" finished-at="2015-09-09T10:19:30Z">
      <class name="com.suiteUsers.TestCase_CreateUser">
        <test-method status="SKIP" signature="verifyCreateUser()[pri:0, instance:com.suiteUsers.TestCase_CreateUser@47c72280]" name="verifyCreateUser" duration-ms="1" started-at="2015-09-09T15:49:30Z" finished-at="2015-09-09T15:49:30Z">
          <reporter-output>
          </reporter-output>
        </test-method> <!-- verifyCreateUser -->
        <test-method status="SKIP" signature="checkTestSkip()[pri:0, instance:com.suiteUsers.TestCase_CreateUser@47c72280]" name="checkTestSkip" is-config="true" duration-ms="0" started-at="2015-09-09T15:49:30Z" finished-at="2015-09-09T15:49:30Z">
          <reporter-output>
          </reporter-output>
        </test-method> <!-- checkTestSkip -->
        <test-method status="SKIP" signature="DefaultResult(org.testng.ITestResult)[pri:0, instance:com.suiteUsers.TestCase_CreateUser@47c72280]" name="DefaultResult" is-config="true" duration-ms="0" started-at="2015-09-09T15:49:30Z" finished-at="2015-09-09T15:49:30Z">
          <reporter-output>
          </reporter-output>
        </test-method> <!-- DefaultResult -->
      </class> <!-- com.suiteUsers.TestCase_CreateUser -->
    </test> <!-- Create New User -->
    <test name="Create a Restricted User" duration-ms="5" started-at="2015-09-09T10:19:30Z" finished-at="2015-09-09T10:19:30Z">
      <class name="com.suiteUsers.TestCase_CreateRestrictedUser">
        <test-method status="SKIP" signature="checkTestSkip()[pri:0, instance:com.suiteUsers.TestCase_CreateRestrictedUser@4504f60c]" name="checkTestSkip" is-config="true" duration-ms="0" started-at="2015-09-09T15:49:30Z" finished-at="2015-09-09T15:49:30Z">
          <reporter-output>
          </reporter-output>
        </test-method> <!-- checkTestSkip -->
        <test-method status="SKIP" signature="verifyCreateRestrictedUser()[pri:0, instance:com.suiteUsers.TestCase_CreateRestrictedUser@4504f60c]" name="verifyCreateRestrictedUser" duration-ms="1" started-at="2015-09-09T15:49:30Z" finished-at="2015-09-09T15:49:30Z">
          <reporter-output>
          </reporter-output>
        </test-method> <!-- verifyCreateRestrictedUser -->
        <test-method status="SKIP" signature="DefaultResult(org.testng.ITestResult)[pri:0, instance:com.suiteUsers.TestCase_CreateRestrictedUser@4504f60c]" name="DefaultResult" is-config="true" duration-ms="0" started-at="2015-09-09T15:49:30Z" finished-at="2015-09-09T15:49:30Z">
          <reporter-output>
          </reporter-output>
        </test-method> <!-- DefaultResult -->
      </class> <!-- com.suiteUsers.TestCase_CreateRestrictedUser -->
    </test> <!-- Create a Restricted User -->
    <test name="Check Include grader only account search" duration-ms="472" started-at="2015-09-09T10:19:30Z" finished-at="2015-09-09T10:19:30Z">
      <class name="com.suiteUsers.TestCase_IncludeGraderOnlyAccountsCheck">
        <test-method status="SKIP" signature="checkTestSkip()[pri:0, instance:com.suiteUsers.TestCase_IncludeGraderOnlyAccountsCheck@7729617b]" name="checkTestSkip" is-config="true" duration-ms="0" started-at="2015-09-09T15:49:30Z" finished-at="2015-09-09T15:49:30Z">
          <reporter-output>
          </reporter-output>
        </test-method> <!-- checkTestSkip -->
        <test-method status="SKIP" signature="verifyIncludeGraderOnlyAccountsCheck()[pri:0, instance:com.suiteUsers.TestCase_IncludeGraderOnlyAccountsCheck@7729617b]" name="verifyIncludeGraderOnlyAccountsCheck" duration-ms="1" started-at="2015-09-09T15:49:30Z" finished-at="2015-09-09T15:49:30Z">
          <reporter-output>
          </reporter-output>
        </test-method> <!-- verifyIncludeGraderOnlyAccountsCheck -->
        <test-method status="SKIP" signature="DefaultResult(org.testng.ITestResult)[pri:0, instance:com.suiteUsers.TestCase_IncludeGraderOnlyAccountsCheck@7729617b]" name="DefaultResult" is-config="true" duration-ms="0" started-at="2015-09-09T15:49:30Z" finished-at="2015-09-09T15:49:30Z">
          <reporter-output>
          </reporter-output>
        </test-method> <!-- DefaultResult -->
      </class> <!-- com.suiteUsers.TestCase_IncludeGraderOnlyAccountsCheck -->
    </test> <!-- Check Include grader only account search -->
    <test name="Email a User" duration-ms="19" started-at="2015-09-09T10:19:30Z" finished-at="2015-09-09T10:19:30Z">
      <class name="com.suiteUsers.TestCase_EmailUser">
        <test-method status="SKIP" signature="checkTestSkip()[pri:0, instance:com.suiteUsers.TestCase_EmailUser@56811df]" name="checkTestSkip" is-config="true" duration-ms="0" started-at="2015-09-09T15:49:30Z" finished-at="2015-09-09T15:49:30Z">
          <reporter-output>
          </reporter-output>
        </test-method> <!-- checkTestSkip -->
        <test-method status="SKIP" signature="verifyEmailUser()[pri:0, instance:com.suiteUsers.TestCase_EmailUser@56811df]" name="verifyEmailUser" duration-ms="1" started-at="2015-09-09T15:49:30Z" finished-at="2015-09-09T15:49:30Z">
          <reporter-output>
          </reporter-output>
        </test-method> <!-- verifyEmailUser -->
        <test-method status="SKIP" signature="DefaultResult(org.testng.ITestResult)[pri:0, instance:com.suiteUsers.TestCase_EmailUser@56811df]" name="DefaultResult" is-config="true" duration-ms="0" started-at="2015-09-09T15:49:30Z" finished-at="2015-09-09T15:49:30Z">
          <reporter-output>
          </reporter-output>
        </test-method> <!-- DefaultResult -->
      </class> <!-- com.suiteUsers.TestCase_EmailUser -->
    </test> <!-- Email a User -->
    <test name="Edit a User" duration-ms="4" started-at="2015-09-09T10:19:30Z" finished-at="2015-09-09T10:19:30Z">
      <class name="com.suiteUsers.TestCase_EditUser">
        <test-method status="SKIP" signature="checkTestSkip()[pri:0, instance:com.suiteUsers.TestCase_EditUser@70092adf]" name="checkTestSkip" is-config="true" duration-ms="0" started-at="2015-09-09T15:49:30Z" finished-at="2015-09-09T15:49:30Z">
          <reporter-output>
          </reporter-output>
        </test-method> <!-- checkTestSkip -->
        <test-method status="SKIP" signature="verifyEditUser()[pri:0, instance:com.suiteUsers.TestCase_EditUser@70092adf]" name="verifyEditUser" duration-ms="0" started-at="2015-09-09T15:49:30Z" finished-at="2015-09-09T15:49:30Z">
          <reporter-output>
          </reporter-output>
        </test-method> <!-- verifyEditUser -->
        <test-method status="SKIP" signature="DefaultResult(org.testng.ITestResult)[pri:0, instance:com.suiteUsers.TestCase_EditUser@70092adf]" name="DefaultResult" is-config="true" duration-ms="0" started-at="2015-09-09T15:49:30Z" finished-at="2015-09-09T15:49:30Z">
          <reporter-output>
          </reporter-output>
        </test-method> <!-- DefaultResult -->
      </class> <!-- com.suiteUsers.TestCase_EditUser -->
    </test> <!-- Edit a User -->
    <test name="Delete a User" duration-ms="16" started-at="2015-09-09T10:19:30Z" finished-at="2015-09-09T10:19:30Z">
      <class name="com.suiteUsers.TestSuiteBase">
        <test-method status="SKIP" signature="checkSuiteSkip()[pri:0, instance:com.suiteUsers.TestSuiteBase@37bb2525]" name="checkSuiteSkip" is-config="true" duration-ms="0" started-at="2015-09-09T15:49:30Z" finished-at="2015-09-09T15:49:30Z">
          <exception class="org.testng.SkipException">
            <message>
              <![CDATA[Runmode of 'UsersSuite' is set to 'NO', hence skipping all tests in Suite!]]>
            </message>
            <full-stacktrace>
              <![CDATA[org.testng.SkipException: Runmode of 'UsersSuite' is set to 'NO', hence skipping all tests in Suite!
	at Util.TestUtil.checkSuiteSkip(TestUtil.java:137)
	at com.suiteUsers.TestSuiteBase.checkSuiteSkip(TestSuiteBase.java:13)
	at sun.reflect.NativeMethodAccessorImpl.invoke0(Native Method)
	at sun.reflect.NativeMethodAccessorImpl.invoke(Unknown Source)
	at sun.reflect.DelegatingMethodAccessorImpl.invoke(Unknown Source)
	at java.lang.reflect.Method.invoke(Unknown Source)
	at org.testng.internal.MethodInvocationHelper.invokeMethod(MethodInvocationHelper.java:84)
	at org.testng.internal.Invoker.invokeConfigurationMethod(Invoker.java:564)
	at org.testng.internal.Invoker.invokeConfigurations(Invoker.java:213)
	at org.testng.internal.Invoker.invokeConfigurations(Invoker.java:138)
	at org.testng.SuiteRunner.privateRun(SuiteRunner.java:277)
	at org.testng.SuiteRunner.run(SuiteRunner.java:240)
	at org.testng.SuiteRunnerWorker.runSuite(SuiteRunnerWorker.java:52)
	at org.testng.SuiteRunnerWorker.run(SuiteRunnerWorker.java:86)
	at org.testng.TestNG.runSuitesSequentially(TestNG.java:1224)
	at org.testng.TestNG.runSuitesSequentially(TestNG.java:1220)
	at org.testng.TestNG.runSuitesLocally(TestNG.java:1149)
	at org.testng.TestNG.run(TestNG.java:1057)
	at org.testng.remote.RemoteTestNG.run(RemoteTestNG.java:111)
	at org.testng.remote.RemoteTestNG.initAndRun(RemoteTestNG.java:204)
	at org.testng.remote.RemoteTestNG.main(RemoteTestNG.java:175)
]]>
            </full-stacktrace>
          </exception> <!-- org.testng.SkipException -->
          <reporter-output>
          </reporter-output>
        </test-method> <!-- checkSuiteSkip -->
      </class> <!-- com.suiteUsers.TestSuiteBase -->
      <class name="com.suiteUsers.TestCase_DeleteUser">
        <test-method status="SKIP" signature="checkTestSkip()[pri:0, instance:com.suiteUsers.TestCase_DeleteUser@b240236]" name="checkTestSkip" is-config="true" duration-ms="0" started-at="2015-09-09T15:49:30Z" finished-at="2015-09-09T15:49:30Z">
          <reporter-output>
          </reporter-output>
        </test-method> <!-- checkTestSkip -->
        <test-method status="SKIP" signature="verifyDeleteUser()[pri:0, instance:com.suiteUsers.TestCase_DeleteUser@b240236]" name="verifyDeleteUser" duration-ms="12" started-at="2015-09-09T15:49:30Z" finished-at="2015-09-09T15:49:30Z">
          <reporter-output>
          </reporter-output>
        </test-method> <!-- verifyDeleteUser -->
        <test-method status="SKIP" signature="DefaultResult(org.testng.ITestResult)[pri:0, instance:com.suiteUsers.TestCase_DeleteUser@b240236]" name="DefaultResult" is-config="true" duration-ms="0" started-at="2015-09-09T15:49:30Z" finished-at="2015-09-09T15:49:30Z">
          <reporter-output>
          </reporter-output>
        </test-method> <!-- DefaultResult -->
      </class> <!-- com.suiteUsers.TestCase_DeleteUser -->
    </test> <!-- Delete a User -->
  </suite> <!-- Users Test Cases -->
  <suite name="Assessments Test Cases" duration-ms="679" started-at="2015-09-09T10:19:29Z" finished-at="2015-09-09T10:19:30Z">
    <groups>
    </groups>
    <test name="Check Runmode of Suite" duration-ms="0" started-at="2015-09-09T10:19:29Z" finished-at="2015-09-09T10:19:29Z">
    </test> <!-- Check Runmode of Suite -->
    <test name="New Assessment Custom Notice" duration-ms="6" started-at="2015-09-09T10:19:29Z" finished-at="2015-09-09T10:19:29Z">
      <class name="com.SuiteAssessments.TestCase_NewAssessmentCustomNotice">
        <test-method status="SKIP" signature="checkTestSkip()[pri:0, instance:com.SuiteAssessments.TestCase_NewAssessmentCustomNotice@6a812a5d]" name="checkTestSkip" is-config="true" duration-ms="0" started-at="2015-09-09T15:49:29Z" finished-at="2015-09-09T15:49:29Z">
          <reporter-output>
          </reporter-output>
        </test-method> <!-- checkTestSkip -->
        <test-method status="SKIP" signature="NewAssessmentCustomNotice()[pri:0, instance:com.SuiteAssessments.TestCase_NewAssessmentCustomNotice@6a812a5d]" name="NewAssessmentCustomNotice" duration-ms="1" started-at="2015-09-09T15:49:29Z" finished-at="2015-09-09T15:49:29Z">
          <reporter-output>
          </reporter-output>
        </test-method> <!-- NewAssessmentCustomNotice -->
        <test-method status="SKIP" signature="DefaultResult(org.testng.ITestResult)[pri:0, instance:com.SuiteAssessments.TestCase_NewAssessmentCustomNotice@6a812a5d]" name="DefaultResult" is-config="true" duration-ms="0" started-at="2015-09-09T15:49:29Z" finished-at="2015-09-09T15:49:29Z">
          <reporter-output>
          </reporter-output>
        </test-method> <!-- DefaultResult -->
      </class> <!-- com.SuiteAssessments.TestCase_NewAssessmentCustomNotice -->
    </test> <!-- New Assessment Custom Notice -->
    <test name="New Assessment Notice Template" duration-ms="5" started-at="2015-09-09T10:19:29Z" finished-at="2015-09-09T10:19:29Z">
      <class name="com.SuiteAssessments.TestCase_NewAssessmentNoticeTemplate">
        <test-method status="SKIP" signature="checkTestSkip()[pri:0, instance:com.SuiteAssessments.TestCase_NewAssessmentNoticeTemplate@2223a923]" name="checkTestSkip" is-config="true" duration-ms="0" started-at="2015-09-09T15:49:29Z" finished-at="2015-09-09T15:49:29Z">
          <reporter-output>
          </reporter-output>
        </test-method> <!-- checkTestSkip -->
        <test-method status="SKIP" signature="NewAssessmentNoticeTemplate()[pri:0, instance:com.SuiteAssessments.TestCase_NewAssessmentNoticeTemplate@2223a923]" name="NewAssessmentNoticeTemplate" duration-ms="1" started-at="2015-09-09T15:49:29Z" finished-at="2015-09-09T15:49:29Z">
          <reporter-output>
          </reporter-output>
        </test-method> <!-- NewAssessmentNoticeTemplate -->
        <test-method status="SKIP" signature="DefaultResult(org.testng.ITestResult)[pri:0, instance:com.SuiteAssessments.TestCase_NewAssessmentNoticeTemplate@2223a923]" name="DefaultResult" is-config="true" duration-ms="0" started-at="2015-09-09T15:49:29Z" finished-at="2015-09-09T15:49:29Z">
          <reporter-output>
          </reporter-output>
        </test-method> <!-- DefaultResult -->
      </class> <!-- com.SuiteAssessments.TestCase_NewAssessmentNoticeTemplate -->
    </test> <!-- New Assessment Notice Template -->
    <test name="New Assessment Add Questions" duration-ms="28" started-at="2015-09-09T10:19:29Z" finished-at="2015-09-09T10:19:29Z">
      <class name="com.SuiteAssessments.TestCase_NewAssessmentAddQuestions">
        <test-method status="SKIP" signature="checkTestSkip()[pri:0, instance:com.SuiteAssessments.TestCase_NewAssessmentAddQuestions@45d017d4]" name="checkTestSkip" is-config="true" duration-ms="0" started-at="2015-09-09T15:49:29Z" finished-at="2015-09-09T15:49:29Z">
          <reporter-output>
          </reporter-output>
        </test-method> <!-- checkTestSkip -->
        <test-method status="SKIP" signature="NewAssessmentAddQuestions()[pri:0, instance:com.SuiteAssessments.TestCase_NewAssessmentAddQuestions@45d017d4]" name="NewAssessmentAddQuestions" duration-ms="1" started-at="2015-09-09T15:49:29Z" finished-at="2015-09-09T15:49:29Z">
          <reporter-output>
          </reporter-output>
        </test-method> <!-- NewAssessmentAddQuestions -->
        <test-method status="SKIP" signature="DefaultResult(org.testng.ITestResult)[pri:0, instance:com.SuiteAssessments.TestCase_NewAssessmentAddQuestions@45d017d4]" name="DefaultResult" is-config="true" duration-ms="0" started-at="2015-09-09T15:49:29Z" finished-at="2015-09-09T15:49:29Z">
          <reporter-output>
          </reporter-output>
        </test-method> <!-- DefaultResult -->
      </class> <!-- com.SuiteAssessments.TestCase_NewAssessmentAddQuestions -->
    </test> <!-- New Assessment Add Questions -->
    <test name="Most Recent Revised Assessment" duration-ms="15" started-at="2015-09-09T10:19:29Z" finished-at="2015-09-09T10:19:29Z">
      <class name="com.SuiteAssessments.TestCase_MostReceRevisedAssessment">
        <test-method status="SKIP" signature="checkTestSkip()[pri:0, instance:com.SuiteAssessments.TestCase_MostReceRevisedAssessment@4d56d418]" name="checkTestSkip" is-config="true" duration-ms="0" started-at="2015-09-09T15:49:29Z" finished-at="2015-09-09T15:49:29Z">
          <reporter-output>
          </reporter-output>
        </test-method> <!-- checkTestSkip -->
        <test-method status="SKIP" signature="MostReceRevisedAssessment()[pri:0, instance:com.SuiteAssessments.TestCase_MostReceRevisedAssessment@4d56d418]" name="MostReceRevisedAssessment" duration-ms="1" started-at="2015-09-09T15:49:29Z" finished-at="2015-09-09T15:49:29Z">
          <reporter-output>
          </reporter-output>
        </test-method> <!-- MostReceRevisedAssessment -->
        <test-method status="SKIP" signature="DefaultResult(org.testng.ITestResult)[pri:0, instance:com.SuiteAssessments.TestCase_MostReceRevisedAssessment@4d56d418]" name="DefaultResult" is-config="true" duration-ms="0" started-at="2015-09-09T15:49:29Z" finished-at="2015-09-09T15:49:29Z">
          <reporter-output>
          </reporter-output>
        </test-method> <!-- DefaultResult -->
      </class> <!-- com.SuiteAssessments.TestCase_MostReceRevisedAssessment -->
    </test> <!-- Most Recent Revised Assessment -->
    <test name="New Assessment Saveas Draft" duration-ms="5" started-at="2015-09-09T10:19:29Z" finished-at="2015-09-09T10:19:29Z">
      <class name="com.SuiteAssessments.TestCase_NewAssessmentsaveasDraft">
        <test-method status="SKIP" signature="checkTestSkip()[pri:0, instance:com.SuiteAssessments.TestCase_NewAssessmentsaveasDraft@479401b1]" name="checkTestSkip" is-config="true" duration-ms="0" started-at="2015-09-09T15:49:29Z" finished-at="2015-09-09T15:49:29Z">
          <reporter-output>
          </reporter-output>
        </test-method> <!-- checkTestSkip -->
        <test-method status="SKIP" signature="NewAssessmentsaveasDraft()[pri:0, instance:com.SuiteAssessments.TestCase_NewAssessmentsaveasDraft@479401b1]" name="NewAssessmentsaveasDraft" duration-ms="1" started-at="2015-09-09T15:49:29Z" finished-at="2015-09-09T15:49:29Z">
          <reporter-output>
          </reporter-output>
        </test-method> <!-- NewAssessmentsaveasDraft -->
        <test-method status="SKIP" signature="DefaultResult(org.testng.ITestResult)[pri:0, instance:com.SuiteAssessments.TestCase_NewAssessmentsaveasDraft@479401b1]" name="DefaultResult" is-config="true" duration-ms="0" started-at="2015-09-09T15:49:29Z" finished-at="2015-09-09T15:49:29Z">
          <reporter-output>
          </reporter-output>
        </test-method> <!-- DefaultResult -->
      </class> <!-- com.SuiteAssessments.TestCase_NewAssessmentsaveasDraft -->
    </test> <!-- New Assessment Saveas Draft -->
    <test name="Edit Assessment Export Print" duration-ms="39" started-at="2015-09-09T10:19:29Z" finished-at="2015-09-09T10:19:29Z">
      <class name="com.SuiteAssessments.TestCase_EditAssessmentExportPrint">
        <test-method status="SKIP" signature="checkTestSkip()[pri:0, instance:com.SuiteAssessments.TestCase_EditAssessmentExportPrint@62d56c22]" name="checkTestSkip" is-config="true" duration-ms="0" started-at="2015-09-09T15:49:29Z" finished-at="2015-09-09T15:49:29Z">
          <reporter-output>
          </reporter-output>
        </test-method> <!-- checkTestSkip -->
        <test-method status="SKIP" signature="EditAssessmentExportPrint()[pri:0, instance:com.SuiteAssessments.TestCase_EditAssessmentExportPrint@62d56c22]" name="EditAssessmentExportPrint" duration-ms="1" started-at="2015-09-09T15:49:29Z" finished-at="2015-09-09T15:49:29Z">
          <reporter-output>
          </reporter-output>
        </test-method> <!-- EditAssessmentExportPrint -->
        <test-method status="SKIP" signature="DefaultResult(org.testng.ITestResult)[pri:0, instance:com.SuiteAssessments.TestCase_EditAssessmentExportPrint@62d56c22]" name="DefaultResult" is-config="true" duration-ms="0" started-at="2015-09-09T15:49:29Z" finished-at="2015-09-09T15:49:29Z">
          <reporter-output>
          </reporter-output>
        </test-method> <!-- DefaultResult -->
      </class> <!-- com.SuiteAssessments.TestCase_EditAssessmentExportPrint -->
    </test> <!-- Edit Assessment Export Print -->
    <test name="Edit Assessment Preview " duration-ms="20" started-at="2015-09-09T10:19:29Z" finished-at="2015-09-09T10:19:29Z">
      <class name="com.SuiteAssessments.TestCase_EditAssessmentPreview">
        <test-method status="SKIP" signature="checkTestSkip()[pri:0, instance:com.SuiteAssessments.TestCase_EditAssessmentPreview@7a10b9ed]" name="checkTestSkip" is-config="true" duration-ms="0" started-at="2015-09-09T15:49:29Z" finished-at="2015-09-09T15:49:29Z">
          <reporter-output>
          </reporter-output>
        </test-method> <!-- checkTestSkip -->
        <test-method status="SKIP" signature="EditAssessmentPreview()[pri:0, instance:com.SuiteAssessments.TestCase_EditAssessmentPreview@7a10b9ed]" name="EditAssessmentPreview" duration-ms="15" started-at="2015-09-09T15:49:29Z" finished-at="2015-09-09T15:49:29Z">
          <reporter-output>
          </reporter-output>
        </test-method> <!-- EditAssessmentPreview -->
        <test-method status="SKIP" signature="DefaultResult(org.testng.ITestResult)[pri:0, instance:com.SuiteAssessments.TestCase_EditAssessmentPreview@7a10b9ed]" name="DefaultResult" is-config="true" duration-ms="0" started-at="2015-09-09T15:49:29Z" finished-at="2015-09-09T15:49:29Z">
          <reporter-output>
          </reporter-output>
        </test-method> <!-- DefaultResult -->
      </class> <!-- com.SuiteAssessments.TestCase_EditAssessmentPreview -->
    </test> <!-- Edit Assessment Preview  -->
    <test name="Post Assessment " duration-ms="4" started-at="2015-09-09T10:19:29Z" finished-at="2015-09-09T10:19:29Z">
      <class name="com.SuiteAssessments.TestCase_PostAssessment">
        <test-method status="SKIP" signature="checkTestSkip()[pri:0, instance:com.SuiteAssessments.TestCase_PostAssessment@75007685]" name="checkTestSkip" is-config="true" duration-ms="0" started-at="2015-09-09T15:49:29Z" finished-at="2015-09-09T15:49:29Z">
          <reporter-output>
          </reporter-output>
        </test-method> <!-- checkTestSkip -->
        <test-method status="SKIP" signature="PostAssessment()[pri:0, instance:com.SuiteAssessments.TestCase_PostAssessment@75007685]" name="PostAssessment" duration-ms="1" started-at="2015-09-09T15:49:29Z" finished-at="2015-09-09T15:49:29Z">
          <reporter-output>
          </reporter-output>
        </test-method> <!-- PostAssessment -->
        <test-method status="SKIP" signature="DefaultResult(org.testng.ITestResult)[pri:0, instance:com.SuiteAssessments.TestCase_PostAssessment@75007685]" name="DefaultResult" is-config="true" duration-ms="0" started-at="2015-09-09T15:49:29Z" finished-at="2015-09-09T15:49:29Z">
          <reporter-output>
          </reporter-output>
        </test-method> <!-- DefaultResult -->
      </class> <!-- com.SuiteAssessments.TestCase_PostAssessment -->
    </test> <!-- Post Assessment  -->
    <test name="Post Assessment Preview " duration-ms="4" started-at="2015-09-09T10:19:29Z" finished-at="2015-09-09T10:19:29Z">
      <class name="com.SuiteAssessments.TestCase_PostAssessmentPreview">
        <test-method status="SKIP" signature="checkTestSkip()[pri:0, instance:com.SuiteAssessments.TestCase_PostAssessmentPreview@1d06f08e]" name="checkTestSkip" is-config="true" duration-ms="0" started-at="2015-09-09T15:49:29Z" finished-at="2015-09-09T15:49:29Z">
          <reporter-output>
          </reporter-output>
        </test-method> <!-- checkTestSkip -->
        <test-method status="SKIP" signature="PostAssessmentPreview()[pri:0, instance:com.SuiteAssessments.TestCase_PostAssessmentPreview@1d06f08e]" name="PostAssessmentPreview" duration-ms="1" started-at="2015-09-09T15:49:29Z" finished-at="2015-09-09T15:49:29Z">
          <reporter-output>
          </reporter-output>
        </test-method> <!-- PostAssessmentPreview -->
        <test-method status="SKIP" signature="DefaultResult(org.testng.ITestResult)[pri:0, instance:com.SuiteAssessments.TestCase_PostAssessmentPreview@1d06f08e]" name="DefaultResult" is-config="true" duration-ms="0" started-at="2015-09-09T15:49:29Z" finished-at="2015-09-09T15:49:29Z">
          <reporter-output>
          </reporter-output>
        </test-method> <!-- DefaultResult -->
      </class> <!-- com.SuiteAssessments.TestCase_PostAssessmentPreview -->
    </test> <!-- Post Assessment Preview  -->
    <test name="multiple post" duration-ms="7" started-at="2015-09-09T10:19:29Z" finished-at="2015-09-09T10:19:29Z">
      <class name="com.SuiteAssessments.TestCase_multiplepost">
        <test-method status="SKIP" signature="checkTestSkip()[pri:0, instance:com.SuiteAssessments.TestCase_multiplepost@2124532]" name="checkTestSkip" is-config="true" duration-ms="0" started-at="2015-09-09T15:49:29Z" finished-at="2015-09-09T15:49:29Z">
          <reporter-output>
          </reporter-output>
        </test-method> <!-- checkTestSkip -->
        <test-method status="SKIP" signature="multiplepost()[pri:0, instance:com.SuiteAssessments.TestCase_multiplepost@2124532]" name="multiplepost" duration-ms="1" started-at="2015-09-09T15:49:29Z" finished-at="2015-09-09T15:49:29Z">
          <reporter-output>
          </reporter-output>
        </test-method> <!-- multiplepost -->
        <test-method status="SKIP" signature="DefaultResult(org.testng.ITestResult)[pri:0, instance:com.SuiteAssessments.TestCase_multiplepost@2124532]" name="DefaultResult" is-config="true" duration-ms="0" started-at="2015-09-09T15:49:29Z" finished-at="2015-09-09T15:49:29Z">
          <reporter-output>
          </reporter-output>
        </test-method> <!-- DefaultResult -->
      </class> <!-- com.SuiteAssessments.TestCase_multiplepost -->
    </test> <!-- multiple post -->
    <test name="Unpostposting" duration-ms="18" started-at="2015-09-09T10:19:29Z" finished-at="2015-09-09T10:19:29Z">
      <class name="com.SuiteAssessments.TestCase_Unpostposting">
        <test-method status="SKIP" signature="checkTestSkip()[pri:0, instance:com.SuiteAssessments.TestCase_Unpostposting@65b164f2]" name="checkTestSkip" is-config="true" duration-ms="0" started-at="2015-09-09T15:49:29Z" finished-at="2015-09-09T15:49:29Z">
          <reporter-output>
          </reporter-output>
        </test-method> <!-- checkTestSkip -->
        <test-method status="SKIP" signature="Unpostposting()[pri:0, instance:com.SuiteAssessments.TestCase_Unpostposting@65b164f2]" name="Unpostposting" duration-ms="1" started-at="2015-09-09T15:49:29Z" finished-at="2015-09-09T15:49:29Z">
          <reporter-output>
          </reporter-output>
        </test-method> <!-- Unpostposting -->
        <test-method status="SKIP" signature="DefaultResult(org.testng.ITestResult)[pri:0, instance:com.SuiteAssessments.TestCase_Unpostposting@65b164f2]" name="DefaultResult" is-config="true" duration-ms="0" started-at="2015-09-09T15:49:29Z" finished-at="2015-09-09T15:49:29Z">
          <reporter-output>
          </reporter-output>
        </test-method> <!-- DefaultResult -->
      </class> <!-- com.SuiteAssessments.TestCase_Unpostposting -->
    </test> <!-- Unpostposting -->
    <test name="Duplicate posting" duration-ms="9" started-at="2015-09-09T10:19:29Z" finished-at="2015-09-09T10:19:29Z">
      <class name="com.SuiteAssessments.TestCase_Duplicateposting">
        <test-method status="SKIP" signature="checkTestSkip()[pri:0, instance:com.SuiteAssessments.TestCase_Duplicateposting@11d13e]" name="checkTestSkip" is-config="true" duration-ms="0" started-at="2015-09-09T15:49:29Z" finished-at="2015-09-09T15:49:29Z">
          <reporter-output>
          </reporter-output>
        </test-method> <!-- checkTestSkip -->
        <test-method status="SKIP" signature="Duplicateposting()[pri:0, instance:com.SuiteAssessments.TestCase_Duplicateposting@11d13e]" name="Duplicateposting" duration-ms="1" started-at="2015-09-09T15:49:29Z" finished-at="2015-09-09T15:49:29Z">
          <reporter-output>
          </reporter-output>
        </test-method> <!-- Duplicateposting -->
        <test-method status="SKIP" signature="DefaultResult(org.testng.ITestResult)[pri:0, instance:com.SuiteAssessments.TestCase_Duplicateposting@11d13e]" name="DefaultResult" is-config="true" duration-ms="0" started-at="2015-09-09T15:49:29Z" finished-at="2015-09-09T15:49:29Z">
          <reporter-output>
          </reporter-output>
        </test-method> <!-- DefaultResult -->
      </class> <!-- com.SuiteAssessments.TestCase_Duplicateposting -->
    </test> <!-- Duplicate posting -->
    <test name="Retire posting" duration-ms="5" started-at="2015-09-09T10:19:29Z" finished-at="2015-09-09T10:19:29Z">
      <class name="com.SuiteAssessments.TestCase_Retireposting">
        <test-method status="SKIP" signature="checkTestSkip()[pri:0, instance:com.SuiteAssessments.TestCase_Retireposting@328ae1fb]" name="checkTestSkip" is-config="true" duration-ms="0" started-at="2015-09-09T15:49:29Z" finished-at="2015-09-09T15:49:29Z">
          <reporter-output>
          </reporter-output>
        </test-method> <!-- checkTestSkip -->
        <test-method status="SKIP" signature="PostAssessment()[pri:0, instance:com.SuiteAssessments.TestCase_Retireposting@328ae1fb]" name="PostAssessment" duration-ms="1" started-at="2015-09-09T15:49:29Z" finished-at="2015-09-09T15:49:29Z">
          <reporter-output>
          </reporter-output>
        </test-method> <!-- PostAssessment -->
        <test-method status="SKIP" signature="DefaultResult(org.testng.ITestResult)[pri:0, instance:com.SuiteAssessments.TestCase_Retireposting@328ae1fb]" name="DefaultResult" is-config="true" duration-ms="0" started-at="2015-09-09T15:49:29Z" finished-at="2015-09-09T15:49:29Z">
          <reporter-output>
          </reporter-output>
        </test-method> <!-- DefaultResult -->
      </class> <!-- com.SuiteAssessments.TestCase_Retireposting -->
    </test> <!-- Retire posting -->
    <test name="Create New folder" duration-ms="3" started-at="2015-09-09T10:19:29Z" finished-at="2015-09-09T10:19:29Z">
      <class name="com.SuiteAssessments.TestCase_NewAssessmentfolder">
        <test-method status="SKIP" signature="newAssessmentfolder()[pri:0, instance:com.SuiteAssessments.TestCase_NewAssessmentfolder@2194ca49]" name="newAssessmentfolder" duration-ms="1" started-at="2015-09-09T15:49:29Z" finished-at="2015-09-09T15:49:29Z">
          <reporter-output>
          </reporter-output>
        </test-method> <!-- newAssessmentfolder -->
        <test-method status="SKIP" signature="checkTestSkip()[pri:0, instance:com.SuiteAssessments.TestCase_NewAssessmentfolder@2194ca49]" name="checkTestSkip" is-config="true" duration-ms="0" started-at="2015-09-09T15:49:29Z" finished-at="2015-09-09T15:49:29Z">
          <reporter-output>
          </reporter-output>
        </test-method> <!-- checkTestSkip -->
        <test-method status="SKIP" signature="DefaultResult(org.testng.ITestResult)[pri:0, instance:com.SuiteAssessments.TestCase_NewAssessmentfolder@2194ca49]" name="DefaultResult" is-config="true" duration-ms="0" started-at="2015-09-09T15:49:29Z" finished-at="2015-09-09T15:49:29Z">
          <reporter-output>
          </reporter-output>
        </test-method> <!-- DefaultResult -->
      </class> <!-- com.SuiteAssessments.TestCase_NewAssessmentfolder -->
    </test> <!-- Create New folder -->
    <test name="Edit created assessment folder" duration-ms="331" started-at="2015-09-09T10:19:29Z" finished-at="2015-09-09T10:19:30Z">
      <class name="com.SuiteAssessments.TestCase_EditAssessmentfolder">
        <test-method status="SKIP" signature="checkTestSkip()[pri:0, instance:com.SuiteAssessments.TestCase_EditAssessmentfolder@1cd65428]" name="checkTestSkip" is-config="true" duration-ms="0" started-at="2015-09-09T15:49:29Z" finished-at="2015-09-09T15:49:29Z">
          <reporter-output>
          </reporter-output>
        </test-method> <!-- checkTestSkip -->
        <test-method status="SKIP" signature="editAssessmentfolder()[pri:0, instance:com.SuiteAssessments.TestCase_EditAssessmentfolder@1cd65428]" name="editAssessmentfolder" duration-ms="0" started-at="2015-09-09T15:49:29Z" finished-at="2015-09-09T15:49:29Z">
          <reporter-output>
          </reporter-output>
        </test-method> <!-- editAssessmentfolder -->
        <test-method status="SKIP" signature="DefaultResult(org.testng.ITestResult)[pri:0, instance:com.SuiteAssessments.TestCase_EditAssessmentfolder@1cd65428]" name="DefaultResult" is-config="true" duration-ms="0" started-at="2015-09-09T15:49:30Z" finished-at="2015-09-09T15:49:30Z">
          <reporter-output>
          </reporter-output>
        </test-method> <!-- DefaultResult -->
      </class> <!-- com.SuiteAssessments.TestCase_EditAssessmentfolder -->
    </test> <!-- Edit created assessment folder -->
    <test name="Share created assessment folder" duration-ms="3" started-at="2015-09-09T10:19:30Z" finished-at="2015-09-09T10:19:30Z">
      <class name="com.SuiteAssessments.TestCase_ShareAssessmentfolder">
        <test-method status="SKIP" signature="checkTestSkip()[pri:0, instance:com.SuiteAssessments.TestCase_ShareAssessmentfolder@70f881ed]" name="checkTestSkip" is-config="true" duration-ms="0" started-at="2015-09-09T15:49:30Z" finished-at="2015-09-09T15:49:30Z">
          <reporter-output>
          </reporter-output>
        </test-method> <!-- checkTestSkip -->
        <test-method status="SKIP" signature="shareAssessmentfolder()[pri:0, instance:com.SuiteAssessments.TestCase_ShareAssessmentfolder@70f881ed]" name="shareAssessmentfolder" duration-ms="1" started-at="2015-09-09T15:49:30Z" finished-at="2015-09-09T15:49:30Z">
          <reporter-output>
          </reporter-output>
        </test-method> <!-- shareAssessmentfolder -->
        <test-method status="SKIP" signature="DefaultResult(org.testng.ITestResult)[pri:0, instance:com.SuiteAssessments.TestCase_ShareAssessmentfolder@70f881ed]" name="DefaultResult" is-config="true" duration-ms="0" started-at="2015-09-09T15:49:30Z" finished-at="2015-09-09T15:49:30Z">
          <reporter-output>
          </reporter-output>
        </test-method> <!-- DefaultResult -->
      </class> <!-- com.SuiteAssessments.TestCase_ShareAssessmentfolder -->
    </test> <!-- Share created assessment folder -->
    <test name="Delete Created folder" duration-ms="28" started-at="2015-09-09T10:19:30Z" finished-at="2015-09-09T10:19:30Z">
      <class name="com.SuiteAssessments.TestCase_DeleteAssessmentfolder">
        <test-method status="SKIP" signature="checkSuiteSkip()[pri:0, instance:com.SuiteAssessments.TestCase_DeleteAssessmentfolder@76d45adb]" name="checkSuiteSkip" is-config="true" duration-ms="0" started-at="2015-09-09T15:49:29Z" finished-at="2015-09-09T15:49:29Z">
          <exception class="org.testng.SkipException">
            <message>
              <![CDATA[Runmode of 'AssessmentsSuite' is set to 'NO', hence skipping all tests in Suite!]]>
            </message>
            <full-stacktrace>
              <![CDATA[org.testng.SkipException: Runmode of 'AssessmentsSuite' is set to 'NO', hence skipping all tests in Suite!
	at Util.TestUtil.checkSuiteSkip(TestUtil.java:137)
	at com.SuiteAssessments.TestSuiteBase.checkSuiteSkip(TestSuiteBase.java:13)
	at sun.reflect.NativeMethodAccessorImpl.invoke0(Native Method)
	at sun.reflect.NativeMethodAccessorImpl.invoke(Unknown Source)
	at sun.reflect.DelegatingMethodAccessorImpl.invoke(Unknown Source)
	at java.lang.reflect.Method.invoke(Unknown Source)
	at org.testng.internal.MethodInvocationHelper.invokeMethod(MethodInvocationHelper.java:84)
	at org.testng.internal.Invoker.invokeConfigurationMethod(Invoker.java:564)
	at org.testng.internal.Invoker.invokeConfigurations(Invoker.java:213)
	at org.testng.internal.Invoker.invokeConfigurations(Invoker.java:138)
	at org.testng.SuiteRunner.privateRun(SuiteRunner.java:277)
	at org.testng.SuiteRunner.run(SuiteRunner.java:240)
	at org.testng.SuiteRunnerWorker.runSuite(SuiteRunnerWorker.java:52)
	at org.testng.SuiteRunnerWorker.run(SuiteRunnerWorker.java:86)
	at org.testng.TestNG.runSuitesSequentially(TestNG.java:1224)
	at org.testng.TestNG.runSuitesSequentially(TestNG.java:1220)
	at org.testng.TestNG.runSuitesLocally(TestNG.java:1149)
	at org.testng.TestNG.run(TestNG.java:1057)
	at org.testng.remote.RemoteTestNG.run(RemoteTestNG.java:111)
	at org.testng.remote.RemoteTestNG.initAndRun(RemoteTestNG.java:204)
	at org.testng.remote.RemoteTestNG.main(RemoteTestNG.java:175)
]]>
            </full-stacktrace>
          </exception> <!-- org.testng.SkipException -->
          <reporter-output>
          </reporter-output>
        </test-method> <!-- checkSuiteSkip -->
        <test-method status="SKIP" signature="checkTestSkip()[pri:0, instance:com.SuiteAssessments.TestCase_DeleteAssessmentfolder@76d45adb]" name="checkTestSkip" is-config="true" duration-ms="0" started-at="2015-09-09T15:49:30Z" finished-at="2015-09-09T15:49:30Z">
          <reporter-output>
          </reporter-output>
        </test-method> <!-- checkTestSkip -->
        <test-method status="SKIP" signature="deleteAssessmentfolder()[pri:0, instance:com.SuiteAssessments.TestCase_DeleteAssessmentfolder@76d45adb]" name="deleteAssessmentfolder" duration-ms="1" started-at="2015-09-09T15:49:30Z" finished-at="2015-09-09T15:49:30Z">
          <reporter-output>
          </reporter-output>
        </test-method> <!-- deleteAssessmentfolder -->
        <test-method status="SKIP" signature="DefaultResult(org.testng.ITestResult)[pri:0, instance:com.SuiteAssessments.TestCase_DeleteAssessmentfolder@76d45adb]" name="DefaultResult" is-config="true" duration-ms="0" started-at="2015-09-09T15:49:30Z" finished-at="2015-09-09T15:49:30Z">
          <reporter-output>
          </reporter-output>
        </test-method> <!-- DefaultResult -->
        <test-method status="SKIP" signature="cleanUp()[pri:0, instance:com.SuiteAssessments.TestCase_DeleteAssessmentfolder@76d45adb]" name="cleanUp" is-config="true" duration-ms="0" started-at="2015-09-09T15:49:30Z" finished-at="2015-09-09T15:49:30Z">
          <reporter-output>
          </reporter-output>
        </test-method> <!-- cleanUp -->
      </class> <!-- com.SuiteAssessments.TestCase_DeleteAssessmentfolder -->
    </test> <!-- Delete Created folder -->
  </suite> <!-- Assessments Test Cases -->
  <suite name="Reports Settings" duration-ms="1026" started-at="2015-09-09T10:19:32Z" finished-at="2015-09-09T10:19:33Z">
    <groups>
    </groups>
    <test name="Check Runmode of Suite" duration-ms="0" started-at="2015-09-09T10:19:32Z" finished-at="2015-09-09T10:19:32Z">
    </test> <!-- Check Runmode of Suite -->
    <test name="CheckETResults" duration-ms="4" started-at="2015-09-09T10:19:32Z" finished-at="2015-09-09T10:19:32Z">
      <class name="com.SuiteReports.TestCase_CheckETResults">
        <test-method status="SKIP" signature="checkTestSkip()[pri:0, instance:com.SuiteReports.TestCase_CheckETResults@5f4c39d]" name="checkTestSkip" is-config="true" duration-ms="0" started-at="2015-09-09T15:49:32Z" finished-at="2015-09-09T15:49:32Z">
          <reporter-output>
          </reporter-output>
        </test-method> <!-- checkTestSkip -->
        <test-method status="SKIP" signature="CheckETResults()[pri:0, instance:com.SuiteReports.TestCase_CheckETResults@5f4c39d]" name="CheckETResults" duration-ms="0" started-at="2015-09-09T15:49:32Z" finished-at="2015-09-09T15:49:32Z">
          <reporter-output>
          </reporter-output>
        </test-method> <!-- CheckETResults -->
        <test-method status="SKIP" signature="DefaultResutl(org.testng.ITestResult)[pri:0, instance:com.SuiteReports.TestCase_CheckETResults@5f4c39d]" name="DefaultResutl" is-config="true" duration-ms="0" started-at="2015-09-09T15:49:32Z" finished-at="2015-09-09T15:49:32Z">
          <reporter-output>
          </reporter-output>
        </test-method> <!-- DefaultResutl -->
      </class> <!-- com.SuiteReports.TestCase_CheckETResults -->
    </test> <!-- CheckETResults -->
    <test name="CheckSummaryReports" duration-ms="21" started-at="2015-09-09T10:19:32Z" finished-at="2015-09-09T10:19:32Z">
      <class name="com.SuiteReports.TestCase_CheckSummaryReport">
        <test-method status="SKIP" signature="checkTestSkip()[pri:0, instance:com.SuiteReports.TestCase_CheckSummaryReport@4136b690]" name="checkTestSkip" is-config="true" duration-ms="0" started-at="2015-09-09T15:49:32Z" finished-at="2015-09-09T15:49:32Z">
          <reporter-output>
          </reporter-output>
        </test-method> <!-- checkTestSkip -->
        <test-method status="SKIP" signature="CheckSummaryReports()[pri:0, instance:com.SuiteReports.TestCase_CheckSummaryReport@4136b690]" name="CheckSummaryReports" duration-ms="1" started-at="2015-09-09T15:49:32Z" finished-at="2015-09-09T15:49:32Z">
          <reporter-output>
          </reporter-output>
        </test-method> <!-- CheckSummaryReports -->
        <test-method status="SKIP" signature="DefaultResutl(org.testng.ITestResult)[pri:0, instance:com.SuiteReports.TestCase_CheckSummaryReport@4136b690]" name="DefaultResutl" is-config="true" duration-ms="0" started-at="2015-09-09T15:49:32Z" finished-at="2015-09-09T15:49:32Z">
          <reporter-output>
          </reporter-output>
        </test-method> <!-- DefaultResutl -->
      </class> <!-- com.SuiteReports.TestCase_CheckSummaryReport -->
    </test> <!-- CheckSummaryReports -->
    <test name="CheckReleaseETResults" duration-ms="15" started-at="2015-09-09T10:19:32Z" finished-at="2015-09-09T10:19:32Z">
      <class name="com.SuiteReports.TestCase_CheckReleaseETResults">
        <test-method status="SKIP" signature="checkTestSkip()[pri:0, instance:com.SuiteReports.TestCase_CheckReleaseETResults@7bc9a682]" name="checkTestSkip" is-config="true" duration-ms="0" started-at="2015-09-09T15:49:32Z" finished-at="2015-09-09T15:49:32Z">
          <reporter-output>
          </reporter-output>
        </test-method> <!-- checkTestSkip -->
        <test-method status="SKIP" signature="CheckReleaseResults()[pri:0, instance:com.SuiteReports.TestCase_CheckReleaseETResults@7bc9a682]" name="CheckReleaseResults" duration-ms="11" started-at="2015-09-09T15:49:32Z" finished-at="2015-09-09T15:49:32Z">
          <reporter-output>
          </reporter-output>
        </test-method> <!-- CheckReleaseResults -->
        <test-method status="SKIP" signature="DefaultResutl(org.testng.ITestResult)[pri:0, instance:com.SuiteReports.TestCase_CheckReleaseETResults@7bc9a682]" name="DefaultResutl" is-config="true" duration-ms="0" started-at="2015-09-09T15:49:32Z" finished-at="2015-09-09T15:49:32Z">
          <reporter-output>
          </reporter-output>
        </test-method> <!-- DefaultResutl -->
      </class> <!-- com.SuiteReports.TestCase_CheckReleaseETResults -->
    </test> <!-- CheckReleaseETResults -->
    <test name="CheckReleaseETResultsSendEmail" duration-ms="4" started-at="2015-09-09T10:19:32Z" finished-at="2015-09-09T10:19:32Z">
      <class name="com.SuiteReports.TestCase_CheckReleaseETResults_PostEmail">
        <test-method status="SKIP" signature="checkTestSkip()[pri:0, instance:com.SuiteReports.TestCase_CheckReleaseETResults_PostEmail@5b40c349]" name="checkTestSkip" is-config="true" duration-ms="0" started-at="2015-09-09T15:49:32Z" finished-at="2015-09-09T15:49:32Z">
          <reporter-output>
          </reporter-output>
        </test-method> <!-- checkTestSkip -->
        <test-method status="SKIP" signature="CheckReleaseETResultsPostEmail()[pri:0, instance:com.SuiteReports.TestCase_CheckReleaseETResults_PostEmail@5b40c349]" name="CheckReleaseETResultsPostEmail" duration-ms="1" started-at="2015-09-09T15:49:32Z" finished-at="2015-09-09T15:49:32Z">
          <reporter-output>
          </reporter-output>
        </test-method> <!-- CheckReleaseETResultsPostEmail -->
        <test-method status="SKIP" signature="DefaultResutl(org.testng.ITestResult)[pri:0, instance:com.SuiteReports.TestCase_CheckReleaseETResults_PostEmail@5b40c349]" name="DefaultResutl" is-config="true" duration-ms="0" started-at="2015-09-09T15:49:32Z" finished-at="2015-09-09T15:49:32Z">
          <reporter-output>
          </reporter-output>
        </test-method> <!-- DefaultResutl -->
      </class> <!-- com.SuiteReports.TestCase_CheckReleaseETResults_PostEmail -->
    </test> <!-- CheckReleaseETResultsSendEmail -->
    <test name="SandOReports" duration-ms="6" started-at="2015-09-09T10:19:33Z" finished-at="2015-09-09T10:19:33Z">
      <class name="com.SuiteReports.TestCase_CheckSandOReports">
        <test-method status="SKIP" signature="checkTestSkip()[pri:0, instance:com.SuiteReports.TestCase_CheckSandOReports@455f1fa0]" name="checkTestSkip" is-config="true" duration-ms="1" started-at="2015-09-09T15:49:33Z" finished-at="2015-09-09T15:49:33Z">
          <reporter-output>
          </reporter-output>
        </test-method> <!-- checkTestSkip -->
        <test-method status="SKIP" signature="CheckSNOReports()[pri:0, instance:com.SuiteReports.TestCase_CheckSandOReports@455f1fa0]" name="CheckSNOReports" duration-ms="1" started-at="2015-09-09T15:49:33Z" finished-at="2015-09-09T15:49:33Z">
          <reporter-output>
          </reporter-output>
        </test-method> <!-- CheckSNOReports -->
        <test-method status="SKIP" signature="DefaultResutl(org.testng.ITestResult)[pri:0, instance:com.SuiteReports.TestCase_CheckSandOReports@455f1fa0]" name="DefaultResutl" is-config="true" duration-ms="0" started-at="2015-09-09T15:49:33Z" finished-at="2015-09-09T15:49:33Z">
          <reporter-output>
          </reporter-output>
        </test-method> <!-- DefaultResutl -->
      </class> <!-- com.SuiteReports.TestCase_CheckSandOReports -->
    </test> <!-- SandOReports -->
    <test name="CategoryReports" duration-ms="784" started-at="2015-09-09T10:19:33Z" finished-at="2015-09-09T10:19:33Z">
      <class name="com.SuiteReports.TestCase_CheckCategoryReports">
        <test-method status="SKIP" signature="checkSuiteSkip()[pri:0, instance:com.SuiteReports.TestCase_CheckCategoryReports@65b60b98]" name="checkSuiteSkip" is-config="true" duration-ms="0" started-at="2015-09-09T15:49:32Z" finished-at="2015-09-09T15:49:32Z">
          <exception class="org.testng.SkipException">
            <message>
              <![CDATA[Runmode of 'ReportsSuite' is set to 'NO', hence skipping all tests in Suite!]]>
            </message>
            <full-stacktrace>
              <![CDATA[org.testng.SkipException: Runmode of 'ReportsSuite' is set to 'NO', hence skipping all tests in Suite!
	at Util.TestUtil.checkSuiteSkip(TestUtil.java:137)
	at com.SuiteReports.TestSuiteBase.checkSuiteSkip(TestSuiteBase.java:13)
	at sun.reflect.NativeMethodAccessorImpl.invoke0(Native Method)
	at sun.reflect.NativeMethodAccessorImpl.invoke(Unknown Source)
	at sun.reflect.DelegatingMethodAccessorImpl.invoke(Unknown Source)
	at java.lang.reflect.Method.invoke(Unknown Source)
	at org.testng.internal.MethodInvocationHelper.invokeMethod(MethodInvocationHelper.java:84)
	at org.testng.internal.Invoker.invokeConfigurationMethod(Invoker.java:564)
	at org.testng.internal.Invoker.invokeConfigurations(Invoker.java:213)
	at org.testng.internal.Invoker.invokeConfigurations(Invoker.java:138)
	at org.testng.SuiteRunner.privateRun(SuiteRunner.java:277)
	at org.testng.SuiteRunner.run(SuiteRunner.java:240)
	at org.testng.SuiteRunnerWorker.runSuite(SuiteRunnerWorker.java:52)
	at org.testng.SuiteRunnerWorker.run(SuiteRunnerWorker.java:86)
	at org.testng.TestNG.runSuitesSequentially(TestNG.java:1224)
	at org.testng.TestNG.runSuitesSequentially(TestNG.java:1220)
	at org.testng.TestNG.runSuitesLocally(TestNG.java:1149)
	at org.testng.TestNG.run(TestNG.java:1057)
	at org.testng.remote.RemoteTestNG.run(RemoteTestNG.java:111)
	at org.testng.remote.RemoteTestNG.initAndRun(RemoteTestNG.java:204)
	at org.testng.remote.RemoteTestNG.main(RemoteTestNG.java:175)
]]>
            </full-stacktrace>
          </exception> <!-- org.testng.SkipException -->
          <reporter-output>
          </reporter-output>
        </test-method> <!-- checkSuiteSkip -->
        <test-method status="SKIP" signature="checkTestSkip()[pri:0, instance:com.SuiteReports.TestCase_CheckCategoryReports@65b60b98]" name="checkTestSkip" is-config="true" duration-ms="0" started-at="2015-09-09T15:49:33Z" finished-at="2015-09-09T15:49:33Z">
          <reporter-output>
          </reporter-output>
        </test-method> <!-- checkTestSkip -->
        <test-method status="SKIP" signature="CheckCategoryReports()[pri:0, instance:com.SuiteReports.TestCase_CheckCategoryReports@65b60b98]" name="CheckCategoryReports" duration-ms="1" started-at="2015-09-09T15:49:33Z" finished-at="2015-09-09T15:49:33Z">
          <reporter-output>
          </reporter-output>
        </test-method> <!-- CheckCategoryReports -->
        <test-method status="SKIP" signature="DefaultResutl(org.testng.ITestResult)[pri:0, instance:com.SuiteReports.TestCase_CheckCategoryReports@65b60b98]" name="DefaultResutl" is-config="true" duration-ms="0" started-at="2015-09-09T15:49:33Z" finished-at="2015-09-09T15:49:33Z">
          <reporter-output>
          </reporter-output>
        </test-method> <!-- DefaultResutl -->
      </class> <!-- com.SuiteReports.TestCase_CheckCategoryReports -->
    </test> <!-- CategoryReports -->
  </suite> <!-- Reports Settings -->
  <suite name="Questions" duration-ms="651" started-at="2015-09-09T10:19:28Z" finished-at="2015-09-09T10:19:29Z">
    <groups>
    </groups>
    <test name="Check Runmode of Suite" duration-ms="1" started-at="2015-09-09T10:19:28Z" finished-at="2015-09-09T10:19:28Z">
    </test> <!-- Check Runmode of Suite -->
    <test name="Verify CreateQSLinks Test Case" duration-ms="4" started-at="2015-09-09T10:19:28Z" finished-at="2015-09-09T10:19:28Z">
      <class name="com.suiteQuestions.TestCase_CreateQSLinks">
        <test-method status="SKIP" signature="checkTestSkip()[pri:0, instance:com.suiteQuestions.TestCase_CreateQSLinks@2b2cc880]" name="checkTestSkip" is-config="true" duration-ms="0" started-at="2015-09-09T15:49:28Z" finished-at="2015-09-09T15:49:28Z">
          <reporter-output>
          </reporter-output>
        </test-method> <!-- checkTestSkip -->
        <test-method status="SKIP" signature="verifyCreateQSLinkTest()[pri:0, instance:com.suiteQuestions.TestCase_CreateQSLinks@2b2cc880]" name="verifyCreateQSLinkTest" duration-ms="0" started-at="2015-09-09T15:49:28Z" finished-at="2015-09-09T15:49:28Z">
          <reporter-output>
          </reporter-output>
        </test-method> <!-- verifyCreateQSLinkTest -->
        <test-method status="SKIP" signature="DefaultResult(org.testng.ITestResult)[pri:0, instance:com.suiteQuestions.TestCase_CreateQSLinks@2b2cc880]" name="DefaultResult" is-config="true" duration-ms="0" started-at="2015-09-09T15:49:28Z" finished-at="2015-09-09T15:49:28Z">
          <reporter-output>
          </reporter-output>
        </test-method> <!-- DefaultResult -->
      </class> <!-- com.suiteQuestions.TestCase_CreateQSLinks -->
    </test> <!-- Verify CreateQSLinks Test Case -->
    <test name="Verify DefaultQSbyFolder Test Case" duration-ms="5" started-at="2015-09-09T10:19:28Z" finished-at="2015-09-09T10:19:28Z">
      <class name="com.suiteQuestions.TestCase_DefaultQSbyFolder">
        <test-method status="SKIP" signature="checkTestSkip()[pri:0, instance:com.suiteQuestions.TestCase_DefaultQSbyFolder@614ac733]" name="checkTestSkip" is-config="true" duration-ms="0" started-at="2015-09-09T15:49:28Z" finished-at="2015-09-09T15:49:28Z">
          <reporter-output>
          </reporter-output>
        </test-method> <!-- checkTestSkip -->
        <test-method status="SKIP" signature="verifydefaultQSbyFolderLinkTest()[pri:0, instance:com.suiteQuestions.TestCase_DefaultQSbyFolder@614ac733]" name="verifydefaultQSbyFolderLinkTest" duration-ms="1" started-at="2015-09-09T15:49:28Z" finished-at="2015-09-09T15:49:28Z">
          <reporter-output>
          </reporter-output>
        </test-method> <!-- verifydefaultQSbyFolderLinkTest -->
        <test-method status="SKIP" signature="DefaultResult(org.testng.ITestResult)[pri:0, instance:com.suiteQuestions.TestCase_DefaultQSbyFolder@614ac733]" name="DefaultResult" is-config="true" duration-ms="0" started-at="2015-09-09T15:49:28Z" finished-at="2015-09-09T15:49:28Z">
          <reporter-output>
          </reporter-output>
        </test-method> <!-- DefaultResult -->
      </class> <!-- com.suiteQuestions.TestCase_DefaultQSbyFolder -->
    </test> <!-- Verify DefaultQSbyFolder Test Case -->
    <test name="Verify CreateFolder Test Case" duration-ms="5" started-at="2015-09-09T10:19:28Z" finished-at="2015-09-09T10:19:28Z">
      <class name="com.suiteQuestions.TestCase_CreateFolder">
        <test-method status="SKIP" signature="checkTestSkip()[pri:0, instance:com.suiteQuestions.TestCase_CreateFolder@3dddc4d1]" name="checkTestSkip" is-config="true" duration-ms="0" started-at="2015-09-09T15:49:28Z" finished-at="2015-09-09T15:49:28Z">
          <reporter-output>
          </reporter-output>
        </test-method> <!-- checkTestSkip -->
        <test-method status="SKIP" signature="verifyCreateQSFolderTest()[pri:0, instance:com.suiteQuestions.TestCase_CreateFolder@3dddc4d1]" name="verifyCreateQSFolderTest" duration-ms="1" started-at="2015-09-09T15:49:28Z" finished-at="2015-09-09T15:49:28Z">
          <reporter-output>
          </reporter-output>
        </test-method> <!-- verifyCreateQSFolderTest -->
        <test-method status="SKIP" signature="DefaultResult(org.testng.ITestResult)[pri:0, instance:com.suiteQuestions.TestCase_CreateFolder@3dddc4d1]" name="DefaultResult" is-config="true" duration-ms="0" started-at="2015-09-09T15:49:28Z" finished-at="2015-09-09T15:49:28Z">
          <reporter-output>
          </reporter-output>
        </test-method> <!-- DefaultResult -->
      </class> <!-- com.suiteQuestions.TestCase_CreateFolder -->
    </test> <!-- Verify CreateFolder Test Case -->
    <test name="Verify Create New Category Test Case" duration-ms="6" started-at="2015-09-09T10:19:28Z" finished-at="2015-09-09T10:19:28Z">
      <class name="com.suiteQuestions.TestCase_CreateNewCategory">
        <test-method status="SKIP" signature="checkTestSkip()[pri:0, instance:com.suiteQuestions.TestCase_CreateNewCategory@1ce95431]" name="checkTestSkip" is-config="true" duration-ms="0" started-at="2015-09-09T15:49:28Z" finished-at="2015-09-09T15:49:28Z">
          <reporter-output>
          </reporter-output>
        </test-method> <!-- checkTestSkip -->
        <test-method status="SKIP" signature="verifyCreateCategoryTest()[pri:0, instance:com.suiteQuestions.TestCase_CreateNewCategory@1ce95431]" name="verifyCreateCategoryTest" duration-ms="1" started-at="2015-09-09T15:49:28Z" finished-at="2015-09-09T15:49:28Z">
          <reporter-output>
          </reporter-output>
        </test-method> <!-- verifyCreateCategoryTest -->
        <test-method status="SKIP" signature="DefaultResult(org.testng.ITestResult)[pri:0, instance:com.suiteQuestions.TestCase_CreateNewCategory@1ce95431]" name="DefaultResult" is-config="true" duration-ms="0" started-at="2015-09-09T15:49:28Z" finished-at="2015-09-09T15:49:28Z">
          <reporter-output>
          </reporter-output>
        </test-method> <!-- DefaultResult -->
      </class> <!-- com.suiteQuestions.TestCase_CreateNewCategory -->
    </test> <!-- Verify Create New Category Test Case -->
    <test name="Verify Create MC Questions Test Case" duration-ms="6" started-at="2015-09-09T10:19:28Z" finished-at="2015-09-09T10:19:28Z">
      <class name="com.suiteQuestions.TestCase_CreateMCQuestions">
        <test-method status="SKIP" signature="checkTestSkip()[pri:0, instance:com.suiteQuestions.TestCase_CreateMCQuestions@3cecc1e1]" name="checkTestSkip" is-config="true" duration-ms="0" started-at="2015-09-09T15:49:28Z" finished-at="2015-09-09T15:49:28Z">
          <reporter-output>
          </reporter-output>
        </test-method> <!-- checkTestSkip -->
        <test-method status="SKIP" signature="verifyCreateMCQuestionsTest()[pri:0, instance:com.suiteQuestions.TestCase_CreateMCQuestions@3cecc1e1]" name="verifyCreateMCQuestionsTest" duration-ms="1" started-at="2015-09-09T15:49:28Z" finished-at="2015-09-09T15:49:28Z">
          <reporter-output>
          </reporter-output>
        </test-method> <!-- verifyCreateMCQuestionsTest -->
        <test-method status="SKIP" signature="DefaultResult(org.testng.ITestResult)[pri:0, instance:com.suiteQuestions.TestCase_CreateMCQuestions@3cecc1e1]" name="DefaultResult" is-config="true" duration-ms="0" started-at="2015-09-09T15:49:28Z" finished-at="2015-09-09T15:49:28Z">
          <reporter-output>
          </reporter-output>
        </test-method> <!-- DefaultResult -->
      </class> <!-- com.suiteQuestions.TestCase_CreateMCQuestions -->
    </test> <!-- Verify Create MC Questions Test Case -->
    <test name="Verify Create TrueFalse Questions Test Case" duration-ms="5" started-at="2015-09-09T10:19:28Z" finished-at="2015-09-09T10:19:28Z">
      <class name="com.suiteQuestions.TestCase_CreateTFQuestions">
        <test-method status="SKIP" signature="checkTestSkip()[pri:0, instance:com.suiteQuestions.TestCase_CreateTFQuestions@735a5cd5]" name="checkTestSkip" is-config="true" duration-ms="0" started-at="2015-09-09T15:49:28Z" finished-at="2015-09-09T15:49:28Z">
          <reporter-output>
          </reporter-output>
        </test-method> <!-- checkTestSkip -->
        <test-method status="SKIP" signature="verifyCreateTFQuestionsTest()[pri:0, instance:com.suiteQuestions.TestCase_CreateTFQuestions@735a5cd5]" name="verifyCreateTFQuestionsTest" duration-ms="1" started-at="2015-09-09T15:49:28Z" finished-at="2015-09-09T15:49:28Z">
          <reporter-output>
          </reporter-output>
        </test-method> <!-- verifyCreateTFQuestionsTest -->
        <test-method status="SKIP" signature="DefaultResult(org.testng.ITestResult)[pri:0, instance:com.suiteQuestions.TestCase_CreateTFQuestions@735a5cd5]" name="DefaultResult" is-config="true" duration-ms="0" started-at="2015-09-09T15:49:28Z" finished-at="2015-09-09T15:49:28Z">
          <reporter-output>
          </reporter-output>
        </test-method> <!-- DefaultResult -->
      </class> <!-- com.suiteQuestions.TestCase_CreateTFQuestions -->
    </test> <!-- Verify Create TrueFalse Questions Test Case -->
    <test name="Verify Create Essay Questions Test Case" duration-ms="4" started-at="2015-09-09T10:19:28Z" finished-at="2015-09-09T10:19:28Z">
      <class name="com.suiteQuestions.TestCase_CreateEassyQuestions">
        <test-method status="SKIP" signature="checkTestSkip()[pri:0, instance:com.suiteQuestions.TestCase_CreateEassyQuestions@7c3b761]" name="checkTestSkip" is-config="true" duration-ms="0" started-at="2015-09-09T15:49:28Z" finished-at="2015-09-09T15:49:28Z">
          <reporter-output>
          </reporter-output>
        </test-method> <!-- checkTestSkip -->
        <test-method status="SKIP" signature="verifyCreateEssayQuestionsTest()[pri:0, instance:com.suiteQuestions.TestCase_CreateEassyQuestions@7c3b761]" name="verifyCreateEssayQuestionsTest" duration-ms="0" started-at="2015-09-09T15:49:28Z" finished-at="2015-09-09T15:49:28Z">
          <reporter-output>
          </reporter-output>
        </test-method> <!-- verifyCreateEssayQuestionsTest -->
        <test-method status="SKIP" signature="DefaultResult(org.testng.ITestResult)[pri:0, instance:com.suiteQuestions.TestCase_CreateEassyQuestions@7c3b761]" name="DefaultResult" is-config="true" duration-ms="0" started-at="2015-09-09T15:49:28Z" finished-at="2015-09-09T15:49:28Z">
          <reporter-output>
          </reporter-output>
        </test-method> <!-- DefaultResult -->
      </class> <!-- com.suiteQuestions.TestCase_CreateEassyQuestions -->
    </test> <!-- Verify Create Essay Questions Test Case -->
    <test name="Verify Create FITB Questions Test Case" duration-ms="7" started-at="2015-09-09T10:19:28Z" finished-at="2015-09-09T10:19:28Z">
      <class name="com.suiteQuestions.TestCase_CreateFITBQuestions">
        <test-method status="SKIP" signature="checkTestSkip()[pri:0, instance:com.suiteQuestions.TestCase_CreateFITBQuestions@3aacbf34]" name="checkTestSkip" is-config="true" duration-ms="0" started-at="2015-09-09T15:49:28Z" finished-at="2015-09-09T15:49:28Z">
          <reporter-output>
          </reporter-output>
        </test-method> <!-- checkTestSkip -->
        <test-method status="SKIP" signature="verifyCreateFITBQuestionsTest()[pri:0, instance:com.suiteQuestions.TestCase_CreateFITBQuestions@3aacbf34]" name="verifyCreateFITBQuestionsTest" duration-ms="1" started-at="2015-09-09T15:49:28Z" finished-at="2015-09-09T15:49:28Z">
          <reporter-output>
          </reporter-output>
        </test-method> <!-- verifyCreateFITBQuestionsTest -->
        <test-method status="SKIP" signature="DefaultResult(org.testng.ITestResult)[pri:0, instance:com.suiteQuestions.TestCase_CreateFITBQuestions@3aacbf34]" name="DefaultResult" is-config="true" duration-ms="0" started-at="2015-09-09T15:49:28Z" finished-at="2015-09-09T15:49:28Z">
          <reporter-output>
          </reporter-output>
        </test-method> <!-- DefaultResult -->
      </class> <!-- com.suiteQuestions.TestCase_CreateFITBQuestions -->
    </test> <!-- Verify Create FITB Questions Test Case -->
    <test name="Verify SelectCategoryFolder Test Case" duration-ms="4" started-at="2015-09-09T10:19:28Z" finished-at="2015-09-09T10:19:28Z">
      <class name="com.suiteQuestions.TestCase_SelectCategoryFolder">
        <test-method status="SKIP" signature="checkTestSkip()[pri:0, instance:com.suiteQuestions.TestCase_SelectCategoryFolder@737797b1]" name="checkTestSkip" is-config="true" duration-ms="0" started-at="2015-09-09T15:49:28Z" finished-at="2015-09-09T15:49:28Z">
          <reporter-output>
          </reporter-output>
        </test-method> <!-- checkTestSkip -->
        <test-method status="SKIP" signature="verifySelectCategoryFolder()[pri:0, instance:com.suiteQuestions.TestCase_SelectCategoryFolder@737797b1]" name="verifySelectCategoryFolder" duration-ms="0" started-at="2015-09-09T15:49:28Z" finished-at="2015-09-09T15:49:28Z">
          <reporter-output>
          </reporter-output>
        </test-method> <!-- verifySelectCategoryFolder -->
        <test-method status="SKIP" signature="DefaultResult(org.testng.ITestResult)[pri:0, instance:com.suiteQuestions.TestCase_SelectCategoryFolder@737797b1]" name="DefaultResult" is-config="true" duration-ms="0" started-at="2015-09-09T15:49:28Z" finished-at="2015-09-09T15:49:28Z">
          <reporter-output>
          </reporter-output>
        </test-method> <!-- DefaultResult -->
      </class> <!-- com.suiteQuestions.TestCase_SelectCategoryFolder -->
    </test> <!-- Verify SelectCategoryFolder Test Case -->
    <test name="Verify Search By Id Test Case" duration-ms="5" started-at="2015-09-09T10:19:28Z" finished-at="2015-09-09T10:19:28Z">
      <class name="com.suiteQuestions.TestCase_SearchQuestionsById">
        <test-method status="SKIP" signature="checkTestSkip()[pri:0, instance:com.suiteQuestions.TestCase_SearchQuestionsById@3ab5b182]" name="checkTestSkip" is-config="true" duration-ms="0" started-at="2015-09-09T15:49:28Z" finished-at="2015-09-09T15:49:28Z">
          <reporter-output>
          </reporter-output>
        </test-method> <!-- checkTestSkip -->
        <test-method status="SKIP" signature="verifySearchQuestionsByIdTest()[pri:0, instance:com.suiteQuestions.TestCase_SearchQuestionsById@3ab5b182]" name="verifySearchQuestionsByIdTest" duration-ms="1" started-at="2015-09-09T15:49:28Z" finished-at="2015-09-09T15:49:28Z">
          <reporter-output>
          </reporter-output>
        </test-method> <!-- verifySearchQuestionsByIdTest -->
        <test-method status="SKIP" signature="DefaultResult(org.testng.ITestResult)[pri:0, instance:com.suiteQuestions.TestCase_SearchQuestionsById@3ab5b182]" name="DefaultResult" is-config="true" duration-ms="0" started-at="2015-09-09T15:49:28Z" finished-at="2015-09-09T15:49:28Z">
          <reporter-output>
          </reporter-output>
        </test-method> <!-- DefaultResult -->
      </class> <!-- com.suiteQuestions.TestCase_SearchQuestionsById -->
    </test> <!-- Verify Search By Id Test Case -->
    <test name="Verify Search By Name Test Case" duration-ms="6" started-at="2015-09-09T10:19:28Z" finished-at="2015-09-09T10:19:28Z">
      <class name="com.suiteQuestions.TestCase_SearchQuestionsByName">
        <test-method status="SKIP" signature="checkTestSkip()[pri:0, instance:com.suiteQuestions.TestCase_SearchQuestionsByName@40a8d1e4]" name="checkTestSkip" is-config="true" duration-ms="0" started-at="2015-09-09T15:49:28Z" finished-at="2015-09-09T15:49:28Z">
          <reporter-output>
          </reporter-output>
        </test-method> <!-- checkTestSkip -->
        <test-method status="SKIP" signature="verifySearchQuestionsByNameTest()[pri:0, instance:com.suiteQuestions.TestCase_SearchQuestionsByName@40a8d1e4]" name="verifySearchQuestionsByNameTest" duration-ms="1" started-at="2015-09-09T15:49:28Z" finished-at="2015-09-09T15:49:28Z">
          <reporter-output>
          </reporter-output>
        </test-method> <!-- verifySearchQuestionsByNameTest -->
        <test-method status="SKIP" signature="DefaultResult(org.testng.ITestResult)[pri:0, instance:com.suiteQuestions.TestCase_SearchQuestionsByName@40a8d1e4]" name="DefaultResult" is-config="true" duration-ms="0" started-at="2015-09-09T15:49:28Z" finished-at="2015-09-09T15:49:28Z">
          <reporter-output>
          </reporter-output>
        </test-method> <!-- DefaultResult -->
      </class> <!-- com.suiteQuestions.TestCase_SearchQuestionsByName -->
    </test> <!-- Verify Search By Name Test Case -->
    <test name="Verify SelectAnyFolder Test Case" duration-ms="6" started-at="2015-09-09T10:19:28Z" finished-at="2015-09-09T10:19:28Z">
      <class name="com.suiteQuestions.TestCase_SelectAnyFolder">
        <test-method status="SKIP" signature="checkTestSkip()[pri:0, instance:com.suiteQuestions.TestCase_SelectAnyFolder@1bba6451]" name="checkTestSkip" is-config="true" duration-ms="0" started-at="2015-09-09T15:49:28Z" finished-at="2015-09-09T15:49:28Z">
          <reporter-output>
          </reporter-output>
        </test-method> <!-- checkTestSkip -->
        <test-method status="SKIP" signature="verifySelectionOfQSFolderTest()[pri:0, instance:com.suiteQuestions.TestCase_SelectAnyFolder@1bba6451]" name="verifySelectionOfQSFolderTest" duration-ms="1" started-at="2015-09-09T15:49:28Z" finished-at="2015-09-09T15:49:28Z">
          <reporter-output>
          </reporter-output>
        </test-method> <!-- verifySelectionOfQSFolderTest -->
        <test-method status="SKIP" signature="DefaultResult(org.testng.ITestResult)[pri:0, instance:com.suiteQuestions.TestCase_SelectAnyFolder@1bba6451]" name="DefaultResult" is-config="true" duration-ms="0" started-at="2015-09-09T15:49:28Z" finished-at="2015-09-09T15:49:28Z">
          <reporter-output>
          </reporter-output>
        </test-method> <!-- DefaultResult -->
      </class> <!-- com.suiteQuestions.TestCase_SelectAnyFolder -->
    </test> <!-- Verify SelectAnyFolder Test Case -->
    <test name="Verify Bulk Approve Test Case" duration-ms="4" started-at="2015-09-09T10:19:28Z" finished-at="2015-09-09T10:19:28Z">
      <class name="com.suiteQuestions.TestCase_CreateBulkApproveQuestions">
        <test-method status="SKIP" signature="checkTestSkip()[pri:0, instance:com.suiteQuestions.TestCase_CreateBulkApproveQuestions@15be3a66]" name="checkTestSkip" is-config="true" duration-ms="0" started-at="2015-09-09T15:49:28Z" finished-at="2015-09-09T15:49:28Z">
          <reporter-output>
          </reporter-output>
        </test-method> <!-- checkTestSkip -->
        <test-method status="SKIP" signature="verifyCreateBulkApproveQuestionsTest()[pri:0, instance:com.suiteQuestions.TestCase_CreateBulkApproveQuestions@15be3a66]" name="verifyCreateBulkApproveQuestionsTest" duration-ms="1" started-at="2015-09-09T15:49:28Z" finished-at="2015-09-09T15:49:28Z">
          <reporter-output>
          </reporter-output>
        </test-method> <!-- verifyCreateBulkApproveQuestionsTest -->
        <test-method status="SKIP" signature="DefaultResult(org.testng.ITestResult)[pri:0, instance:com.suiteQuestions.TestCase_CreateBulkApproveQuestions@15be3a66]" name="DefaultResult" is-config="true" duration-ms="0" started-at="2015-09-09T15:49:28Z" finished-at="2015-09-09T15:49:28Z">
          <reporter-output>
          </reporter-output>
        </test-method> <!-- DefaultResult -->
      </class> <!-- com.suiteQuestions.TestCase_CreateBulkApproveQuestions -->
    </test> <!-- Verify Bulk Approve Test Case -->
    <test name="Verify Delete Questions in Folder Test Case" duration-ms="6" started-at="2015-09-09T10:19:28Z" finished-at="2015-09-09T10:19:28Z">
      <class name="com.suiteQuestions.TestCase_DeleteQSInFolder">
        <test-method status="SKIP" signature="checkTestSkip()[pri:0, instance:com.suiteQuestions.TestCase_DeleteQSInFolder@52cc3e77]" name="checkTestSkip" is-config="true" duration-ms="0" started-at="2015-09-09T15:49:28Z" finished-at="2015-09-09T15:49:28Z">
          <reporter-output>
          </reporter-output>
        </test-method> <!-- checkTestSkip -->
        <test-method status="SKIP" signature="verifyDeleteQSInFolderTest()[pri:0, instance:com.suiteQuestions.TestCase_DeleteQSInFolder@52cc3e77]" name="verifyDeleteQSInFolderTest" duration-ms="2" started-at="2015-09-09T15:49:28Z" finished-at="2015-09-09T15:49:28Z">
          <reporter-output>
          </reporter-output>
        </test-method> <!-- verifyDeleteQSInFolderTest -->
        <test-method status="SKIP" signature="DefaultResult(org.testng.ITestResult)[pri:0, instance:com.suiteQuestions.TestCase_DeleteQSInFolder@52cc3e77]" name="DefaultResult" is-config="true" duration-ms="0" started-at="2015-09-09T15:49:28Z" finished-at="2015-09-09T15:49:28Z">
          <reporter-output>
          </reporter-output>
        </test-method> <!-- DefaultResult -->
      </class> <!-- com.suiteQuestions.TestCase_DeleteQSInFolder -->
    </test> <!-- Verify Delete Questions in Folder Test Case -->
    <test name="Verify Import RTF format Test Case" duration-ms="4" started-at="2015-09-09T10:19:28Z" finished-at="2015-09-09T10:19:28Z">
      <class name="com.suiteQuestions.TestCase_ImportQuestionsRFTFormat">
        <test-method status="SKIP" signature="checkTestSkip()[pri:0, instance:com.suiteQuestions.TestCase_ImportQuestionsRFTFormat@67808ae8]" name="checkTestSkip" is-config="true" duration-ms="0" started-at="2015-09-09T15:49:28Z" finished-at="2015-09-09T15:49:28Z">
          <reporter-output>
          </reporter-output>
        </test-method> <!-- checkTestSkip -->
        <test-method status="SKIP" signature="verifyImportQuestionsRFTFormatTest()[pri:0, instance:com.suiteQuestions.TestCase_ImportQuestionsRFTFormat@67808ae8]" name="verifyImportQuestionsRFTFormatTest" duration-ms="0" started-at="2015-09-09T15:49:28Z" finished-at="2015-09-09T15:49:28Z">
          <reporter-output>
          </reporter-output>
        </test-method> <!-- verifyImportQuestionsRFTFormatTest -->
        <test-method status="SKIP" signature="DefaultResult(org.testng.ITestResult)[pri:0, instance:com.suiteQuestions.TestCase_ImportQuestionsRFTFormat@67808ae8]" name="DefaultResult" is-config="true" duration-ms="0" started-at="2015-09-09T15:49:28Z" finished-at="2015-09-09T15:49:28Z">
          <reporter-output>
          </reporter-output>
        </test-method> <!-- DefaultResult -->
      </class> <!-- com.suiteQuestions.TestCase_ImportQuestionsRFTFormat -->
    </test> <!-- Verify Import RTF format Test Case -->
    <test name="Verify Import Tab Seperated format Test Case" duration-ms="6" started-at="2015-09-09T10:19:28Z" finished-at="2015-09-09T10:19:28Z">
      <class name="com.suiteQuestions.TestCase_ImportQuestionsTabSeperated">
        <test-method status="SKIP" signature="checkTestSkip()[pri:0, instance:com.suiteQuestions.TestCase_ImportQuestionsTabSeperated@2e378b91]" name="checkTestSkip" is-config="true" duration-ms="0" started-at="2015-09-09T15:49:28Z" finished-at="2015-09-09T15:49:28Z">
          <reporter-output>
          </reporter-output>
        </test-method> <!-- checkTestSkip -->
        <test-method status="SKIP" signature="verifyImportQuestionsTabSeperatedTest()[pri:0, instance:com.suiteQuestions.TestCase_ImportQuestionsTabSeperated@2e378b91]" name="verifyImportQuestionsTabSeperatedTest" duration-ms="1" started-at="2015-09-09T15:49:28Z" finished-at="2015-09-09T15:49:28Z">
          <reporter-output>
          </reporter-output>
        </test-method> <!-- verifyImportQuestionsTabSeperatedTest -->
        <test-method status="SKIP" signature="DefaultResult(org.testng.ITestResult)[pri:0, instance:com.suiteQuestions.TestCase_ImportQuestionsTabSeperated@2e378b91]" name="DefaultResult" is-config="true" duration-ms="0" started-at="2015-09-09T15:49:28Z" finished-at="2015-09-09T15:49:28Z">
          <reporter-output>
          </reporter-output>
        </test-method> <!-- DefaultResult -->
      </class> <!-- com.suiteQuestions.TestCase_ImportQuestionsTabSeperated -->
    </test> <!-- Verify Import Tab Seperated format Test Case -->
    <test name="Verify Question used by Exam should not be deleted" duration-ms="4" started-at="2015-09-09T10:19:28Z" finished-at="2015-09-09T10:19:28Z">
      <class name="com.suiteQuestions.TestCase_DeleteQSUsedByExam">
        <test-method status="SKIP" signature="checkTestSkip()[pri:0, instance:com.suiteQuestions.TestCase_DeleteQSUsedByExam@7d19979e]" name="checkTestSkip" is-config="true" duration-ms="0" started-at="2015-09-09T15:49:28Z" finished-at="2015-09-09T15:49:28Z">
[...]
      </class> <!-- com.SuiteCommon.TestCase_CheckTrainingVideo -->
    </test> <!-- Check Training Video -->
  </suite> <!-- Common Test Cases -->
  <suite name="Rubrics Test Cases" duration-ms="350" started-at="2015-09-09T10:19:29Z" finished-at="2015-09-09T10:19:29Z">
    <groups>
    </groups>
    <test name="Check Runmode of Suite" duration-ms="0" started-at="2015-09-09T10:19:29Z" finished-at="2015-09-09T10:19:29Z">
    </test> <!-- Check Runmode of Suite -->
    <test name="Create New Rubrics Folder" duration-ms="15" started-at="2015-09-09T10:19:29Z" finished-at="2015-09-09T10:19:29Z">
      <class name="com.suiteRubrics.TestCase_CreateNewRubricsFolder">
        <test-method status="SKIP" signature="checkTestSkip()[pri:0, instance:com.suiteRubrics.TestCase_CreateNewRubricsFolder@ee1fdae]" name="checkTestSkip" is-config="true" duration-ms="0" started-at="2015-09-09T15:49:29Z" finished-at="2015-09-09T15:49:29Z">
          <reporter-output>
          </reporter-output>
        </test-method> <!-- checkTestSkip -->
        <test-method status="SKIP" signature="VerifyCreateNewRubricsFolder()[pri:0, instance:com.suiteRubrics.TestCase_CreateNewRubricsFolder@ee1fdae]" name="VerifyCreateNewRubricsFolder" duration-ms="1" started-at="2015-09-09T15:49:29Z" finished-at="2015-09-09T15:49:29Z">
          <reporter-output>
          </reporter-output>
        </test-method> <!-- VerifyCreateNewRubricsFolder -->
        <test-method status="SKIP" signature="DefaultResult(org.testng.ITestResult)[pri:0, instance:com.suiteRubrics.TestCase_CreateNewRubricsFolder@ee1fdae]" name="DefaultResult" is-config="true" duration-ms="0" started-at="2015-09-09T15:49:29Z" finished-at="2015-09-09T15:49:29Z">
          <reporter-output>
          </reporter-output>
        </test-method> <!-- DefaultResult -->
      </class> <!-- com.suiteRubrics.TestCase_CreateNewRubricsFolder -->
    </test> <!-- Create New Rubrics Folder -->
    <test name="Create Points Based Rubric" duration-ms="35" started-at="2015-09-09T10:19:29Z" finished-at="2015-09-09T10:19:29Z">
      <class name="com.suiteRubrics.TestCase_CreatePointBasedRubric">
        <test-method status="SKIP" signature="checkTestSkip()[pri:0, instance:com.suiteRubrics.TestCase_CreatePointBasedRubric@20e5488e]" name="checkTestSkip" is-config="true" duration-ms="0" started-at="2015-09-09T15:49:29Z" finished-at="2015-09-09T15:49:29Z">
          <reporter-output>
          </reporter-output>
        </test-method> <!-- checkTestSkip -->
        <test-method status="SKIP" signature="VerifyCreatePointBasedRubric()[pri:0, instance:com.suiteRubrics.TestCase_CreatePointBasedRubric@20e5488e]" name="VerifyCreatePointBasedRubric" duration-ms="1" started-at="2015-09-09T15:49:29Z" finished-at="2015-09-09T15:49:29Z">
          <reporter-output>
          </reporter-output>
        </test-method> <!-- VerifyCreatePointBasedRubric -->
        <test-method status="SKIP" signature="DefaultResult(org.testng.ITestResult)[pri:0, instance:com.suiteRubrics.TestCase_CreatePointBasedRubric@20e5488e]" name="DefaultResult" is-config="true" duration-ms="0" started-at="2015-09-09T15:49:29Z" finished-at="2015-09-09T15:49:29Z">
          <reporter-output>
          </reporter-output>
        </test-method> <!-- DefaultResult -->
      </class> <!-- com.suiteRubrics.TestCase_CreatePointBasedRubric -->
    </test> <!-- Create Points Based Rubric -->
    <test name="Create Scale Based Rubric" duration-ms="27" started-at="2015-09-09T10:19:29Z" finished-at="2015-09-09T10:19:29Z">
      <class name="com.suiteRubrics.TestCase_CreateScaleBasedRubric">
        <test-method status="SKIP" signature="checkTestSkip()[pri:0, instance:com.suiteRubrics.TestCase_CreateScaleBasedRubric@6465e468]" name="checkTestSkip" is-config="true" duration-ms="0" started-at="2015-09-09T15:49:29Z" finished-at="2015-09-09T15:49:29Z">
          <reporter-output>
          </reporter-output>
        </test-method> <!-- checkTestSkip -->
        <test-method status="SKIP" signature="VerifyCreateScaleBasedRubric()[pri:0, instance:com.suiteRubrics.TestCase_CreateScaleBasedRubric@6465e468]" name="VerifyCreateScaleBasedRubric" duration-ms="1" started-at="2015-09-09T15:49:29Z" finished-at="2015-09-09T15:49:29Z">
          <reporter-output>
          </reporter-output>
        </test-method> <!-- VerifyCreateScaleBasedRubric -->
        <test-method status="SKIP" signature="DefaultResult(org.testng.ITestResult)[pri:0, instance:com.suiteRubrics.TestCase_CreateScaleBasedRubric@6465e468]" name="DefaultResult" is-config="true" duration-ms="0" started-at="2015-09-09T15:49:29Z" finished-at="2015-09-09T15:49:29Z">
          <reporter-output>
          </reporter-output>
        </test-method> <!-- DefaultResult -->
      </class> <!-- com.suiteRubrics.TestCase_CreateScaleBasedRubric -->
    </test> <!-- Create Scale Based Rubric -->
    <test name="Save As Rubric Template" duration-ms="4" started-at="2015-09-09T10:19:29Z" finished-at="2015-09-09T10:19:29Z">
      <class name="com.suiteRubrics.TestCase_SaveAsRubricTemplate">
        <test-method status="SKIP" signature="checkTestSkip()[pri:0, instance:com.suiteRubrics.TestCase_SaveAsRubricTemplate@375062c7]" name="checkTestSkip" is-config="true" duration-ms="0" started-at="2015-09-09T15:49:29Z" finished-at="2015-09-09T15:49:29Z">
          <reporter-output>
          </reporter-output>
        </test-method> <!-- checkTestSkip -->
        <test-method status="SKIP" signature="VerifySaveAsRubricTemplate()[pri:0, instance:com.suiteRubrics.TestCase_SaveAsRubricTemplate@375062c7]" name="VerifySaveAsRubricTemplate" duration-ms="0" started-at="2015-09-09T15:49:29Z" finished-at="2015-09-09T15:49:29Z">
          <reporter-output>
          </reporter-output>
        </test-method> <!-- VerifySaveAsRubricTemplate -->
        <test-method status="SKIP" signature="DefaultResult(org.testng.ITestResult)[pri:0, instance:com.suiteRubrics.TestCase_SaveAsRubricTemplate@375062c7]" name="DefaultResult" is-config="true" duration-ms="0" started-at="2015-09-09T15:49:29Z" finished-at="2015-09-09T15:49:29Z">
          <reporter-output>
          </reporter-output>
        </test-method> <!-- DefaultResult -->
      </class> <!-- com.suiteRubrics.TestCase_SaveAsRubricTemplate -->
    </test> <!-- Save As Rubric Template -->
    <test name="Save Rubric As A Template" duration-ms="118" started-at="2015-09-09T10:19:29Z" finished-at="2015-09-09T10:19:29Z">
      <class name="com.suiteRubrics.TestCase_SaveTemplateAsRubric">
        <test-method status="SKIP" signature="checkTestSkip()[pri:0, instance:com.suiteRubrics.TestCase_SaveTemplateAsRubric@10cafcf2]" name="checkTestSkip" is-config="true" duration-ms="0" started-at="2015-09-09T15:49:29Z" finished-at="2015-09-09T15:49:29Z">
          <reporter-output>
          </reporter-output>
        </test-method> <!-- checkTestSkip -->
        <test-method status="SKIP" signature="VerifySaveTemplateAsRubric()[pri:0, instance:com.suiteRubrics.TestCase_SaveTemplateAsRubric@10cafcf2]" name="VerifySaveTemplateAsRubric" duration-ms="114" started-at="2015-09-09T15:49:29Z" finished-at="2015-09-09T15:49:29Z">
          <reporter-output>
          </reporter-output>
        </test-method> <!-- VerifySaveTemplateAsRubric -->
        <test-method status="SKIP" signature="DefaultResult(org.testng.ITestResult)[pri:0, instance:com.suiteRubrics.TestCase_SaveTemplateAsRubric@10cafcf2]" name="DefaultResult" is-config="true" duration-ms="0" started-at="2015-09-09T15:49:29Z" finished-at="2015-09-09T15:49:29Z">
          <reporter-output>
          </reporter-output>
        </test-method> <!-- DefaultResult -->
      </class> <!-- com.suiteRubrics.TestCase_SaveTemplateAsRubric -->
    </test> <!-- Save Rubric As A Template -->
    <test name="Add Rubric Dimension and Level" duration-ms="11" started-at="2015-09-09T10:19:29Z" finished-at="2015-09-09T10:19:29Z">
      <class name="com.suiteRubrics.TestCase_AddDimensionAndLevel">
        <test-method status="SKIP" signature="checkTestSkip()[pri:0, instance:com.suiteRubrics.TestCase_AddDimensionAndLevel@682be886]" name="checkTestSkip" is-config="true" duration-ms="0" started-at="2015-09-09T15:49:29Z" finished-at="2015-09-09T15:49:29Z">
          <reporter-output>
          </reporter-output>
        </test-method> <!-- checkTestSkip -->
        <test-method status="SKIP" signature="VerifyAddDimensionAndLevel()[pri:0, instance:com.suiteRubrics.TestCase_AddDimensionAndLevel@682be886]" name="VerifyAddDimensionAndLevel" duration-ms="1" started-at="2015-09-09T15:49:29Z" finished-at="2015-09-09T15:49:29Z">
          <reporter-output>
          </reporter-output>
        </test-method> <!-- VerifyAddDimensionAndLevel -->
        <test-method status="SKIP" signature="DefaultResult(org.testng.ITestResult)[pri:0, instance:com.suiteRubrics.TestCase_AddDimensionAndLevel@682be886]" name="DefaultResult" is-config="true" duration-ms="0" started-at="2015-09-09T15:49:29Z" finished-at="2015-09-09T15:49:29Z">
          <reporter-output>
          </reporter-output>
        </test-method> <!-- DefaultResult -->
      </class> <!-- com.suiteRubrics.TestCase_AddDimensionAndLevel -->
    </test> <!-- Add Rubric Dimension and Level -->
    <test name="Delete Rubric Dimension and Level" duration-ms="5" started-at="2015-09-09T10:19:29Z" finished-at="2015-09-09T10:19:29Z">
      <class name="com.suiteRubrics.TestCase_DeleteDimensionAndLevel">
        <test-method status="SKIP" signature="checkTestSkip()[pri:0, instance:com.suiteRubrics.TestCase_DeleteDimensionAndLevel@315351de]" name="checkTestSkip" is-config="true" duration-ms="0" started-at="2015-09-09T15:49:29Z" finished-at="2015-09-09T15:49:29Z">
          <reporter-output>
          </reporter-output>
        </test-method> <!-- checkTestSkip -->
        <test-method status="SKIP" signature="VerifyDeleteDimensionAndLevel()[pri:0, instance:com.suiteRubrics.TestCase_DeleteDimensionAndLevel@315351de]" name="VerifyDeleteDimensionAndLevel" duration-ms="1" started-at="2015-09-09T15:49:29Z" finished-at="2015-09-09T15:49:29Z">
          <reporter-output>
          </reporter-output>
        </test-method> <!-- VerifyDeleteDimensionAndLevel -->
        <test-method status="SKIP" signature="DefaultResult(org.testng.ITestResult)[pri:0, instance:com.suiteRubrics.TestCase_DeleteDimensionAndLevel@315351de]" name="DefaultResult" is-config="true" duration-ms="0" started-at="2015-09-09T15:49:29Z" finished-at="2015-09-09T15:49:29Z">
          <reporter-output>
          </reporter-output>
        </test-method> <!-- DefaultResult -->
      </class> <!-- com.suiteRubrics.TestCase_DeleteDimensionAndLevel -->
    </test> <!-- Delete Rubric Dimension and Level -->
    <test name="Edit Rubric" duration-ms="8" started-at="2015-09-09T10:19:29Z" finished-at="2015-09-09T10:19:29Z">
      <class name="com.suiteRubrics.TestCase_EditRubric">
        <test-method status="SKIP" signature="checkTestSkip()[pri:0, instance:com.suiteRubrics.TestCase_EditRubric@4f9e462f]" name="checkTestSkip" is-config="true" duration-ms="0" started-at="2015-09-09T15:49:29Z" finished-at="2015-09-09T15:49:29Z">
          <reporter-output>
          </reporter-output>
        </test-method> <!-- checkTestSkip -->
        <test-method status="SKIP" signature="VerifyEditRubric()[pri:0, instance:com.suiteRubrics.TestCase_EditRubric@4f9e462f]" name="VerifyEditRubric" duration-ms="1" started-at="2015-09-09T15:49:29Z" finished-at="2015-09-09T15:49:29Z">
          <reporter-output>
          </reporter-output>
        </test-method> <!-- VerifyEditRubric -->
        <test-method status="SKIP" signature="DefaultResult(org.testng.ITestResult)[pri:0, instance:com.suiteRubrics.TestCase_EditRubric@4f9e462f]" name="DefaultResult" is-config="true" duration-ms="0" started-at="2015-09-09T15:49:29Z" finished-at="2015-09-09T15:49:29Z">
          <reporter-output>
          </reporter-output>
        </test-method> <!-- DefaultResult -->
      </class> <!-- com.suiteRubrics.TestCase_EditRubric -->
    </test> <!-- Edit Rubric -->
    <test name="Delete A Rubric" duration-ms="11" started-at="2015-09-09T10:19:29Z" finished-at="2015-09-09T10:19:29Z">
      <class name="com.suiteRubrics.TestCase_DeleteRubric">
        <test-method status="SKIP" signature="checkTestSkip()[pri:0, instance:com.suiteRubrics.TestCase_DeleteRubric@5799182a]" name="checkTestSkip" is-config="true" duration-ms="0" started-at="2015-09-09T15:49:29Z" finished-at="2015-09-09T15:49:29Z">
          <reporter-output>
          </reporter-output>
        </test-method> <!-- checkTestSkip -->
        <test-method status="SKIP" signature="VerifyDeleteRubric()[pri:0, instance:com.suiteRubrics.TestCase_DeleteRubric@5799182a]" name="VerifyDeleteRubric" duration-ms="1" started-at="2015-09-09T15:49:29Z" finished-at="2015-09-09T15:49:29Z">
          <reporter-output>
          </reporter-output>
        </test-method> <!-- VerifyDeleteRubric -->
        <test-method status="SKIP" signature="DefaultResult(org.testng.ITestResult)[pri:0, instance:com.suiteRubrics.TestCase_DeleteRubric@5799182a]" name="DefaultResult" is-config="true" duration-ms="0" started-at="2015-09-09T15:49:29Z" finished-at="2015-09-09T15:49:29Z">
          <reporter-output>
          </reporter-output>
        </test-method> <!-- DefaultResult -->
      </class> <!-- com.suiteRubrics.TestCase_DeleteRubric -->
    </test> <!-- Delete A Rubric -->
    <test name="Share Rubric Folder" duration-ms="15" started-at="2015-09-09T10:19:29Z" finished-at="2015-09-09T10:19:29Z">
      <class name="com.suiteRubrics.TestCase_ShareRubricsFolder">
        <test-method status="SKIP" signature="checkTestSkip()[pri:0, instance:com.suiteRubrics.TestCase_ShareRubricsFolder@40c90ea4]" name="checkTestSkip" is-config="true" duration-ms="0" started-at="2015-09-09T15:49:29Z" finished-at="2015-09-09T15:49:29Z">
          <reporter-output>
          </reporter-output>
        </test-method> <!-- checkTestSkip -->
        <test-method status="SKIP" signature="verifyShareRubricsFolderTest()[pri:0, instance:com.suiteRubrics.TestCase_ShareRubricsFolder@40c90ea4]" name="verifyShareRubricsFolderTest" duration-ms="1" started-at="2015-09-09T15:49:29Z" finished-at="2015-09-09T15:49:29Z">
          <reporter-output>
          </reporter-output>
        </test-method> <!-- verifyShareRubricsFolderTest -->
        <test-method status="SKIP" signature="DefaultResult(org.testng.ITestResult)[pri:0, instance:com.suiteRubrics.TestCase_ShareRubricsFolder@40c90ea4]" name="DefaultResult" is-config="true" duration-ms="0" started-at="2015-09-09T15:49:29Z" finished-at="2015-09-09T15:49:29Z">
          <reporter-output>
          </reporter-output>
        </test-method> <!-- DefaultResult -->
      </class> <!-- com.suiteRubrics.TestCase_ShareRubricsFolder -->
    </test> <!-- Share Rubric Folder -->
    <test name="Edit Rubric Folder" duration-ms="5" started-at="2015-09-09T10:19:29Z" finished-at="2015-09-09T10:19:29Z">
      <class name="com.suiteRubrics.TestCase_EditRubricsFolder">
        <test-method status="SKIP" signature="checkTestSkip()[pri:0, instance:com.suiteRubrics.TestCase_EditRubricsFolder@35af4d51]" name="checkTestSkip" is-config="true" duration-ms="0" started-at="2015-09-09T15:49:29Z" finished-at="2015-09-09T15:49:29Z">
          <reporter-output>
          </reporter-output>
        </test-method> <!-- checkTestSkip -->
        <test-method status="SKIP" signature="VerifyEditRubricsFolder()[pri:0, instance:com.suiteRubrics.TestCase_EditRubricsFolder@35af4d51]" name="VerifyEditRubricsFolder" duration-ms="1" started-at="2015-09-09T15:49:29Z" finished-at="2015-09-09T15:49:29Z">
          <reporter-output>
          </reporter-output>
        </test-method> <!-- VerifyEditRubricsFolder -->
        <test-method status="SKIP" signature="DefaultResult(org.testng.ITestResult)[pri:0, instance:com.suiteRubrics.TestCase_EditRubricsFolder@35af4d51]" name="DefaultResult" is-config="true" duration-ms="0" started-at="2015-09-09T15:49:29Z" finished-at="2015-09-09T15:49:29Z">
          <reporter-output>
          </reporter-output>
        </test-method> <!-- DefaultResult -->
      </class> <!-- com.suiteRubrics.TestCase_EditRubricsFolder -->
    </test> <!-- Edit Rubric Folder -->
    <test name="Delete Rubric Folder" duration-ms="3" started-at="2015-09-09T10:19:29Z" finished-at="2015-09-09T10:19:29Z">
      <class name="com.suiteRubrics.TestSuiteBase">
        <test-method status="SKIP" signature="checkSuiteSkip()[pri:0, instance:com.suiteRubrics.TestSuiteBase@72391879]" name="checkSuiteSkip" is-config="true" duration-ms="0" started-at="2015-09-09T15:49:29Z" finished-at="2015-09-09T15:49:29Z">
          <exception class="org.testng.SkipException">
            <message>
              <![CDATA[Runmode of 'RubricsSuite' is set to 'NO', hence skipping all tests in Suite!]]>
            </message>
            <full-stacktrace>
              <![CDATA[org.testng.SkipException: Runmode of 'RubricsSuite' is set to 'NO', hence skipping all tests in Suite!
	at Util.TestUtil.checkSuiteSkip(TestUtil.java:137)
	at com.suiteRubrics.TestSuiteBase.checkSuiteSkip(TestSuiteBase.java:11)
	at sun.reflect.NativeMethodAccessorImpl.invoke0(Native Method)
	at sun.reflect.NativeMethodAccessorImpl.invoke(Unknown Source)
	at sun.reflect.DelegatingMethodAccessorImpl.invoke(Unknown Source)
	at java.lang.reflect.Method.invoke(Unknown Source)
	at org.testng.internal.MethodInvocationHelper.invokeMethod(MethodInvocationHelper.java:84)
	at org.testng.internal.Invoker.invokeConfigurationMethod(Invoker.java:564)
	at org.testng.internal.Invoker.invokeConfigurations(Invoker.java:213)
	at org.testng.internal.Invoker.invokeConfigurations(Invoker.java:138)
	at org.testng.SuiteRunner.privateRun(SuiteRunner.java:277)
	at org.testng.SuiteRunner.run(SuiteRunner.java:240)
	at org.testng.SuiteRunnerWorker.runSuite(SuiteRunnerWorker.java:52)
	at org.testng.SuiteRunnerWorker.run(SuiteRunnerWorker.java:86)
	at org.testng.TestNG.runSuitesSequentially(TestNG.java:1224)
	at org.testng.TestNG.runSuitesSequentially(TestNG.java:1220)
	at org.testng.TestNG.runSuitesLocally(TestNG.java:1149)
	at org.testng.TestNG.run(TestNG.java:1057)
	at org.testng.remote.RemoteTestNG.run(RemoteTestNG.java:111)
	at org.testng.remote.RemoteTestNG.initAndRun(RemoteTestNG.java:204)
	at org.testng.remote.RemoteTestNG.main(RemoteTestNG.java:175)
]]>
            </full-stacktrace>
          </exception> <!-- org.testng.SkipException -->
          <reporter-output>
          </reporter-output>
        </test-method> <!-- checkSuiteSkip -->
      </class> <!-- com.suiteRubrics.TestSuiteBase -->
      <class name="com.suiteRubrics.TestCase_DeleteRubricFolder">
        <test-method status="SKIP" signature="checkTestSkip()[pri:0, instance:com.suiteRubrics.TestCase_DeleteRubricFolder@7a6de1c4]" name="checkTestSkip" is-config="true" duration-ms="0" started-at="2015-09-09T15:49:29Z" finished-at="2015-09-09T15:49:29Z">
          <reporter-output>
          </reporter-output>
        </test-method> <!-- checkTestSkip -->
        <test-method status="SKIP" signature="VerifyDeleteRubricFolder()[pri:0, instance:com.suiteRubrics.TestCase_DeleteRubricFolder@7a6de1c4]" name="VerifyDeleteRubricFolder" duration-ms="1" started-at="2015-09-09T15:49:29Z" finished-at="2015-09-09T15:49:29Z">
          <reporter-output>
          </reporter-output>
        </test-method> <!-- VerifyDeleteRubricFolder -->
        <test-method status="SKIP" signature="DefaultResult(org.testng.ITestResult)[pri:0, instance:com.suiteRubrics.TestCase_DeleteRubricFolder@7a6de1c4]" name="DefaultResult" is-config="true" duration-ms="0" started-at="2015-09-09T15:49:29Z" finished-at="2015-09-09T15:49:29Z">
          <reporter-output>
          </reporter-output>
        </test-method> <!-- DefaultResult -->
      </class> <!-- com.suiteRubrics.TestCase_DeleteRubricFolder -->
    </test> <!-- Delete Rubric Folder -->
  </suite> <!-- Rubrics Test Cases -->
</testng-results>
