<?xml version="1.0" encoding="UTF-8"?>
<!-- Generated by org.testng.reporters.JUnitXMLReporter -->
<testsuite hostname="ULTP_284" name="Check Include grader only account search" tests="1" failures="0" timestamp="9 Sep 2015 10:19:30 GMT" time="0.472" errors="0">
  <testcase name="@BeforeTest checkTestSkip" time="0.0" classname="com.suiteUsers.TestCase_IncludeGraderOnlyAccountsCheck">
    <skipped/>
  </testcase> <!-- @BeforeTest checkTestSkip -->
  <testcase name="@AfterMethod DefaultResult" time="0.0" classname="com.suiteUsers.TestCase_IncludeGraderOnlyAccountsCheck">
    <skipped/>
  </testcase> <!-- @AfterMethod DefaultResult -->
  <testcase name="verifyIncludeGraderOnlyAccountsCheck" time="0.001" classname="com.suiteUsers.TestCase_IncludeGraderOnlyAccountsCheck">
    <skipped/>
  </testcase> <!-- verifyIncludeGraderOnlyAccountsCheck -->
</testsuite> <!-- Check Include grader only account search -->
