<?xml version="1.0" encoding="UTF-8"?>
<!-- Generated by org.testng.reporters.JUnitXMLReporter -->
<testsuite hostname="ULTP_284" name="Delete a User" tests="1" failures="0" timestamp="9 Sep 2015 10:19:30 GMT" time="0.016" errors="0">
  <testcase name="@BeforeSuite checkSuiteSkip" time="0.0" classname="com.suiteUsers.TestSuiteBase">
    <skipped/>
  </testcase> <!-- @BeforeSuite checkSuiteSkip -->
  <testcase name="@BeforeTest checkTestSkip" time="0.0" classname="com.suiteUsers.TestCase_DeleteUser">
    <skipped/>
  </testcase> <!-- @BeforeTest checkTestSkip -->
  <testcase name="@AfterMethod DefaultResult" time="0.0" classname="com.suiteUsers.TestCase_DeleteUser">
    <skipped/>
  </testcase> <!-- @AfterMethod DefaultResult -->
  <testcase name="verifyDeleteUser" time="0.012" classname="com.suiteUsers.TestCase_DeleteUser">
    <skipped/>
  </testcase> <!-- verifyDeleteUser -->
</testsuite> <!-- Delete a User -->
