<?xml version="1.0" encoding="UTF-8"?>
<!-- Generated by org.testng.reporters.JUnitXMLReporter -->
<testsuite hostname="ULTP_284" name="Email a User" tests="1" failures="0" timestamp="9 Sep 2015 10:19:30 GMT" time="0.019" errors="0">
  <testcase name="@BeforeTest checkTestSkip" time="0.0" classname="com.suiteUsers.TestCase_EmailUser">
    <skipped/>
  </testcase> <!-- @BeforeTest checkTestSkip -->
  <testcase name="@AfterMethod DefaultResult" time="0.0" classname="com.suiteUsers.TestCase_EmailUser">
    <skipped/>
  </testcase> <!-- @AfterMethod DefaultResult -->
  <testcase name="verifyEmailUser" time="0.001" classname="com.suiteUsers.TestCase_EmailUser">
    <skipped/>
  </testcase> <!-- verifyEmailUser -->
</testsuite> <!-- Email a User -->
