<?xml version="1.0" encoding="UTF-8"?>
<!-- Generated by org.testng.reporters.JUnitXMLReporter -->
<testsuite hostname="ULTP_284" name="SandOReports" tests="1" failures="0" timestamp="9 Sep 2015 10:19:33 GMT" time="0.006" errors="0">
  <testcase name="@BeforeTest checkTestSkip" time="0.001" classname="com.SuiteReports.TestCase_CheckSandOReports">
    <skipped/>
  </testcase> <!-- @BeforeTest checkTestSkip -->
  <testcase name="@AfterMethod DefaultResutl" time="0.0" classname="com.SuiteReports.TestCase_CheckSandOReports">
    <skipped/>
  </testcase> <!-- @AfterMethod DefaultResutl -->
  <testcase name="CheckSNOReports" time="0.001" classname="com.SuiteReports.TestCase_CheckSandOReports">
    <skipped/>
  </testcase> <!-- CheckSNOReports -->
</testsuite> <!-- SandOReports -->
