<?xml version="1.0" encoding="UTF-8"?>
<!-- Generated by org.testng.reporters.JUnitXMLReporter -->
<testsuite hostname="ULTP_284" name="Verify Delete Category" tests="1" failures="0" timestamp="9 Sep 2015 10:19:30 GMT" time="0.01" errors="0">
  <testcase name="@BeforeTest checkTestSkip" time="0.0" classname="com.suiteCategory.TestCase_VerifyDeleteCategory">
    <skipped/>
  </testcase> <!-- @BeforeTest checkTestSkip -->
  <testcase name="@AfterMethod DefaultResult" time="0.0" classname="com.suiteCategory.TestCase_VerifyDeleteCategory">
    <skipped/>
  </testcase> <!-- @AfterMethod DefaultResult -->
  <testcase name="verifyDeleteCategoryTest" time="0.001" classname="com.suiteCategory.TestCase_VerifyDeleteCategory">
    <skipped/>
  </testcase> <!-- verifyDeleteCategoryTest -->
</testsuite> <!-- Verify Delete Category -->
